mode: set
github.com/JayPonda/Product-catalog/server/src/controllers/v1/AuthController.go:26.91,32.2 1 0
github.com/JayPonda/Product-catalog/server/src/controllers/v1/AuthController.go:44.57,47.46 2 0
github.com/JayPonda/Product-catalog/server/src/controllers/v1/AuthController.go:47.46,52.3 1 0
github.com/JayPonda/Product-catalog/server/src/controllers/v1/AuthController.go:54.2,54.49 1 0
github.com/JayPonda/Product-catalog/server/src/controllers/v1/AuthController.go:54.49,59.3 1 0
github.com/JayPonda/Product-catalog/server/src/controllers/v1/AuthController.go:61.2,62.16 2 0
github.com/JayPonda/Product-catalog/server/src/controllers/v1/AuthController.go:62.16,63.49 1 0
github.com/JayPonda/Product-catalog/server/src/controllers/v1/AuthController.go:63.49,67.4 1 0
github.com/JayPonda/Product-catalog/server/src/controllers/v1/AuthController.go:68.3,70.5 1 0
github.com/JayPonda/Product-catalog/server/src/controllers/v1/AuthController.go:73.2,73.55 1 0
github.com/JayPonda/Product-catalog/server/src/controllers/v1/AuthController.go:86.54,89.46 2 0
github.com/JayPonda/Product-catalog/server/src/controllers/v1/AuthController.go:89.46,94.3 1 0
github.com/JayPonda/Product-catalog/server/src/controllers/v1/AuthController.go:96.2,96.49 1 0
github.com/JayPonda/Product-catalog/server/src/controllers/v1/AuthController.go:96.49,101.3 1 0
github.com/JayPonda/Product-catalog/server/src/controllers/v1/AuthController.go:103.2,104.16 2 0
github.com/JayPonda/Product-catalog/server/src/controllers/v1/AuthController.go:104.16,105.53 1 0
github.com/JayPonda/Product-catalog/server/src/controllers/v1/AuthController.go:105.53,109.4 1 0
github.com/JayPonda/Product-catalog/server/src/controllers/v1/AuthController.go:110.3,112.5 1 0
github.com/JayPonda/Product-catalog/server/src/controllers/v1/AuthController.go:115.2,119.4 2 0
github.com/JayPonda/Product-catalog/server/src/controllers/v1/AuthController.go:129.55,131.9 2 0
github.com/JayPonda/Product-catalog/server/src/controllers/v1/AuthController.go:131.9,135.3 1 0
github.com/JayPonda/Product-catalog/server/src/controllers/v1/AuthController.go:137.2,137.50 1 0
github.com/JayPonda/Product-catalog/server/src/controllers/v1/AuthController.go:137.50,141.3 1 0
github.com/JayPonda/Product-catalog/server/src/controllers/v1/AuthController.go:143.2,144.52 2 0
github.com/JayPonda/Product-catalog/server/src/controllers/v1/AuthController.go:154.51,156.9 2 0
github.com/JayPonda/Product-catalog/server/src/controllers/v1/AuthController.go:156.9,160.3 1 0
github.com/JayPonda/Product-catalog/server/src/controllers/v1/AuthController.go:162.2,163.16 2 0
github.com/JayPonda/Product-catalog/server/src/controllers/v1/AuthController.go:163.16,167.3 1 0
github.com/JayPonda/Product-catalog/server/src/controllers/v1/AuthController.go:169.2,171.4 1 0
github.com/JayPonda/Product-catalog/server/src/controllers/v1/AuthController.go:174.91,191.2 2 0
github.com/JayPonda/Product-catalog/server/src/controllers/v1/AuthController.go:193.59,212.2 2 0
github.com/JayPonda/Product-catalog/server/src/controllers/v1/CategoryController.go:17.83,22.2 1 0
github.com/JayPonda/Product-catalog/server/src/controllers/v1/CategoryController.go:35.68,38.49 2 0
github.com/JayPonda/Product-catalog/server/src/controllers/v1/CategoryController.go:38.49,43.3 1 0
github.com/JayPonda/Product-catalog/server/src/controllers/v1/CategoryController.go:45.2,45.51 1 0
github.com/JayPonda/Product-catalog/server/src/controllers/v1/CategoryController.go:45.51,50.3 1 0
github.com/JayPonda/Product-catalog/server/src/controllers/v1/CategoryController.go:52.2,52.22 1 0
github.com/JayPonda/Product-catalog/server/src/controllers/v1/CategoryController.go:52.22,54.3 1 0
github.com/JayPonda/Product-catalog/server/src/controllers/v1/CategoryController.go:56.2,57.16 2 0
github.com/JayPonda/Product-catalog/server/src/controllers/v1/CategoryController.go:57.16,61.3 1 0
github.com/JayPonda/Product-catalog/server/src/controllers/v1/CategoryController.go:63.2,63.92 1 0
github.com/JayPonda/Product-catalog/server/src/controllers/v1/CategoryController.go:77.67,80.49 2 0
github.com/JayPonda/Product-catalog/server/src/controllers/v1/CategoryController.go:80.49,85.3 1 0
github.com/JayPonda/Product-catalog/server/src/controllers/v1/CategoryController.go:87.2,87.51 1 0
github.com/JayPonda/Product-catalog/server/src/controllers/v1/CategoryController.go:87.51,92.3 1 0
github.com/JayPonda/Product-catalog/server/src/controllers/v1/CategoryController.go:94.2,94.22 1 0
github.com/JayPonda/Product-catalog/server/src/controllers/v1/CategoryController.go:94.22,96.3 1 0
github.com/JayPonda/Product-catalog/server/src/controllers/v1/CategoryController.go:98.2,99.16 2 0
github.com/JayPonda/Product-catalog/server/src/controllers/v1/CategoryController.go:99.16,103.3 1 0
github.com/JayPonda/Product-catalog/server/src/controllers/v1/CategoryController.go:105.2,105.27 1 0
github.com/JayPonda/Product-catalog/server/src/controllers/v1/CategoryController.go:120.67,123.46 2 0
github.com/JayPonda/Product-catalog/server/src/controllers/v1/CategoryController.go:123.46,128.3 1 0
github.com/JayPonda/Product-catalog/server/src/controllers/v1/CategoryController.go:130.2,130.49 1 0
github.com/JayPonda/Product-catalog/server/src/controllers/v1/CategoryController.go:130.49,135.3 1 0
github.com/JayPonda/Product-catalog/server/src/controllers/v1/CategoryController.go:137.2,138.16 2 0
github.com/JayPonda/Product-catalog/server/src/controllers/v1/CategoryController.go:138.16,139.52 1 0
github.com/JayPonda/Product-catalog/server/src/controllers/v1/CategoryController.go:139.52,143.4 1 0
github.com/JayPonda/Product-catalog/server/src/controllers/v1/CategoryController.go:144.3,144.56 1 0
github.com/JayPonda/Product-catalog/server/src/controllers/v1/CategoryController.go:144.56,148.4 1 0
github.com/JayPonda/Product-catalog/server/src/controllers/v1/CategoryController.go:149.3,151.5 1 0
github.com/JayPonda/Product-catalog/server/src/controllers/v1/CategoryController.go:154.2,154.55 1 0
github.com/JayPonda/Product-catalog/server/src/controllers/v1/ProductController.go:19.80,24.2 1 0
github.com/JayPonda/Product-catalog/server/src/controllers/v1/ProductController.go:37.64,40.49 2 0
github.com/JayPonda/Product-catalog/server/src/controllers/v1/ProductController.go:40.49,45.3 1 0
github.com/JayPonda/Product-catalog/server/src/controllers/v1/ProductController.go:47.2,47.51 1 0
github.com/JayPonda/Product-catalog/server/src/controllers/v1/ProductController.go:47.51,52.3 1 0
github.com/JayPonda/Product-catalog/server/src/controllers/v1/ProductController.go:54.2,54.22 1 0
github.com/JayPonda/Product-catalog/server/src/controllers/v1/ProductController.go:54.22,56.3 1 0
github.com/JayPonda/Product-catalog/server/src/controllers/v1/ProductController.go:58.2,59.16 2 0
github.com/JayPonda/Product-catalog/server/src/controllers/v1/ProductController.go:59.16,63.3 1 0
github.com/JayPonda/Product-catalog/server/src/controllers/v1/ProductController.go:65.2,65.27 1 0
github.com/JayPonda/Product-catalog/server/src/controllers/v1/ProductController.go:80.65,83.46 2 0
github.com/JayPonda/Product-catalog/server/src/controllers/v1/ProductController.go:83.46,88.3 1 0
github.com/JayPonda/Product-catalog/server/src/controllers/v1/ProductController.go:90.2,90.49 1 0
github.com/JayPonda/Product-catalog/server/src/controllers/v1/ProductController.go:90.49,95.3 1 0
github.com/JayPonda/Product-catalog/server/src/controllers/v1/ProductController.go:97.2,98.16 2 0
github.com/JayPonda/Product-catalog/server/src/controllers/v1/ProductController.go:98.16,99.55 1 0
github.com/JayPonda/Product-catalog/server/src/controllers/v1/ProductController.go:99.55,103.4 1 0
github.com/JayPonda/Product-catalog/server/src/controllers/v1/ProductController.go:104.3,106.5 1 0
github.com/JayPonda/Product-catalog/server/src/controllers/v1/ProductController.go:109.2,109.54 1 0
github.com/JayPonda/Product-catalog/server/src/controllers/v1/ProductController.go:123.66,126.49 2 0
github.com/JayPonda/Product-catalog/server/src/controllers/v1/ProductController.go:126.49,131.3 1 0
github.com/JayPonda/Product-catalog/server/src/controllers/v1/ProductController.go:133.2,133.51 1 0
github.com/JayPonda/Product-catalog/server/src/controllers/v1/ProductController.go:133.51,138.3 1 0
github.com/JayPonda/Product-catalog/server/src/controllers/v1/ProductController.go:140.2,140.22 1 0
github.com/JayPonda/Product-catalog/server/src/controllers/v1/ProductController.go:140.22,142.3 1 0
github.com/JayPonda/Product-catalog/server/src/controllers/v1/ProductController.go:144.2,147.16 3 0
github.com/JayPonda/Product-catalog/server/src/controllers/v1/ProductController.go:147.16,151.3 1 0
github.com/JayPonda/Product-catalog/server/src/controllers/v1/ProductController.go:153.2,153.27 1 0
github.com/JayPonda/Product-catalog/server/src/controllers/v1/ProductController.go:166.66,168.16 2 0
github.com/JayPonda/Product-catalog/server/src/controllers/v1/ProductController.go:168.16,172.3 1 0
github.com/JayPonda/Product-catalog/server/src/controllers/v1/ProductController.go:174.2,175.16 2 0
github.com/JayPonda/Product-catalog/server/src/controllers/v1/ProductController.go:175.16,179.3 1 0
github.com/JayPonda/Product-catalog/server/src/controllers/v1/ProductController.go:181.2,181.26 1 0
github.com/JayPonda/Product-catalog/server/src/controllers/v1/ProductController.go:193.68,197.16 3 0
github.com/JayPonda/Product-catalog/server/src/controllers/v1/ProductController.go:197.16,201.3 1 0
github.com/JayPonda/Product-catalog/server/src/controllers/v1/ProductController.go:203.2,203.26 1 0
github.com/JayPonda/Product-catalog/server/src/controllers/v1/ProductController.go:220.65,222.16 2 0
github.com/JayPonda/Product-catalog/server/src/controllers/v1/ProductController.go:222.16,226.3 1 0
github.com/JayPonda/Product-catalog/server/src/controllers/v1/ProductController.go:228.2,230.46 2 0
github.com/JayPonda/Product-catalog/server/src/controllers/v1/ProductController.go:230.46,235.3 1 0
github.com/JayPonda/Product-catalog/server/src/controllers/v1/ProductController.go:237.2,237.49 1 0
github.com/JayPonda/Product-catalog/server/src/controllers/v1/ProductController.go:237.49,242.3 1 0
github.com/JayPonda/Product-catalog/server/src/controllers/v1/ProductController.go:244.2,245.16 2 0
github.com/JayPonda/Product-catalog/server/src/controllers/v1/ProductController.go:245.16,246.55 1 0
github.com/JayPonda/Product-catalog/server/src/controllers/v1/ProductController.go:246.55,250.4 1 0
github.com/JayPonda/Product-catalog/server/src/controllers/v1/ProductController.go:251.3,253.5 1 0
github.com/JayPonda/Product-catalog/server/src/controllers/v1/ProductController.go:256.2,256.26 1 0
github.com/JayPonda/Product-catalog/server/src/controllers/v1/ProductController.go:272.64,274.16 2 0
github.com/JayPonda/Product-catalog/server/src/controllers/v1/ProductController.go:274.16,278.3 1 0
github.com/JayPonda/Product-catalog/server/src/controllers/v1/ProductController.go:280.2,282.46 2 0
github.com/JayPonda/Product-catalog/server/src/controllers/v1/ProductController.go:282.46,287.3 1 0
github.com/JayPonda/Product-catalog/server/src/controllers/v1/ProductController.go:289.2,289.49 1 0
github.com/JayPonda/Product-catalog/server/src/controllers/v1/ProductController.go:289.49,294.3 1 0
github.com/JayPonda/Product-catalog/server/src/controllers/v1/ProductController.go:296.2,297.16 2 0
github.com/JayPonda/Product-catalog/server/src/controllers/v1/ProductController.go:297.16,298.98 1 0
github.com/JayPonda/Product-catalog/server/src/controllers/v1/ProductController.go:298.98,302.4 1 0
github.com/JayPonda/Product-catalog/server/src/controllers/v1/ProductController.go:303.3,305.5 1 0
github.com/JayPonda/Product-catalog/server/src/controllers/v1/ProductController.go:308.2,308.26 1 0
github.com/JayPonda/Product-catalog/server/src/controllers/v1/ProductController.go:324.66,326.16 2 0
github.com/JayPonda/Product-catalog/server/src/controllers/v1/ProductController.go:326.16,330.3 1 0
github.com/JayPonda/Product-catalog/server/src/controllers/v1/ProductController.go:332.2,334.46 2 0
github.com/JayPonda/Product-catalog/server/src/controllers/v1/ProductController.go:334.46,339.3 1 0
github.com/JayPonda/Product-catalog/server/src/controllers/v1/ProductController.go:341.2,341.49 1 0
github.com/JayPonda/Product-catalog/server/src/controllers/v1/ProductController.go:341.49,346.3 1 0
github.com/JayPonda/Product-catalog/server/src/controllers/v1/ProductController.go:348.2,349.16 2 0
github.com/JayPonda/Product-catalog/server/src/controllers/v1/ProductController.go:349.16,350.98 1 0
github.com/JayPonda/Product-catalog/server/src/controllers/v1/ProductController.go:350.98,354.4 1 0
github.com/JayPonda/Product-catalog/server/src/controllers/v1/ProductController.go:355.3,357.5 1 0
github.com/JayPonda/Product-catalog/server/src/controllers/v1/ProductController.go:360.2,360.26 1 0
github.com/JayPonda/Product-catalog/server/src/controllers/v1/ProductController.go:372.65,374.16 2 0
github.com/JayPonda/Product-catalog/server/src/controllers/v1/ProductController.go:374.16,378.3 1 0
github.com/JayPonda/Product-catalog/server/src/controllers/v1/ProductController.go:380.2,381.16 2 0
github.com/JayPonda/Product-catalog/server/src/controllers/v1/ProductController.go:381.16,385.3 1 0
github.com/JayPonda/Product-catalog/server/src/controllers/v1/ProductController.go:387.2,387.52 1 0
github.com/JayPonda/Product-catalog/server/src/middleware/AuthMiddleware.go:11.47,12.35 1 0
github.com/JayPonda/Product-catalog/server/src/middleware/AuthMiddleware.go:12.35,14.24 2 0
github.com/JayPonda/Product-catalog/server/src/middleware/AuthMiddleware.go:14.24,18.4 1 0
github.com/JayPonda/Product-catalog/server/src/middleware/AuthMiddleware.go:20.3,21.17 2 0
github.com/JayPonda/Product-catalog/server/src/middleware/AuthMiddleware.go:21.17,25.4 1 0
github.com/JayPonda/Product-catalog/server/src/middleware/AuthMiddleware.go:27.3,28.17 2 0
github.com/JayPonda/Product-catalog/server/src/middleware/AuthMiddleware.go:28.17,32.4 1 0
github.com/JayPonda/Product-catalog/server/src/middleware/AuthMiddleware.go:34.3,35.20 2 0
github.com/JayPonda/Product-catalog/server/commands/cmd/app_commands.go:14.94,17.2 2 0
github.com/JayPonda/Product-catalog/server/commands/cmd/dedup_orders_remove.go:54.89,58.55 1 0
github.com/JayPonda/Product-catalog/server/commands/cmd/dedup_orders_remove.go:58.55,62.42 2 0
github.com/JayPonda/Product-catalog/server/commands/cmd/dedup_orders_remove.go:62.42,65.70 2 0
github.com/JayPonda/Product-catalog/server/commands/cmd/dedup_orders_remove.go:65.70,68.6 2 0
github.com/JayPonda/Product-catalog/server/commands/cmd/dedup_orders_remove.go:69.5,69.66 1 0
github.com/JayPonda/Product-catalog/server/commands/cmd/dedup_orders_remove.go:69.66,72.6 2 0
github.com/JayPonda/Product-catalog/server/commands/cmd/dedup_orders_remove.go:73.5,73.26 1 0
github.com/JayPonda/Product-catalog/server/commands/cmd/dedup_orders_remove.go:73.26,76.6 2 0
github.com/JayPonda/Product-catalog/server/commands/cmd/dedup_orders_remove.go:77.10,83.5 3 0
github.com/JayPonda/Product-catalog/server/commands/cmd/dedup_orders_remove.go:85.4,85.53 1 0
github.com/JayPonda/Product-catalog/server/commands/cmd/dedup_orders_remove.go:89.2,96.12 7 0
github.com/JayPonda/Product-catalog/server/commands/cmd/dedup_orders_remove.go:113.99,117.16 3 0
github.com/JayPonda/Product-catalog/server/commands/cmd/dedup_orders_remove.go:117.16,120.3 2 0
github.com/JayPonda/Product-catalog/server/commands/cmd/dedup_orders_remove.go:121.2,122.16 2 0
github.com/JayPonda/Product-catalog/server/commands/cmd/dedup_orders_remove.go:122.16,125.3 2 0
github.com/JayPonda/Product-catalog/server/commands/cmd/dedup_orders_remove.go:127.2,127.59 1 0
github.com/JayPonda/Product-catalog/server/commands/cmd/dedup_orders_remove.go:138.105,140.40 2 0
github.com/JayPonda/Product-catalog/server/commands/cmd/dedup_orders_remove.go:140.40,142.3 1 0
github.com/JayPonda/Product-catalog/server/commands/cmd/dedup_orders_remove.go:144.2,161.22 5 0
github.com/JayPonda/Product-catalog/server/commands/cmd/dedup_orders_remove.go:161.22,164.3 1 0
github.com/JayPonda/Product-catalog/server/commands/cmd/dedup_orders_remove.go:164.8,170.25 3 0
github.com/JayPonda/Product-catalog/server/commands/cmd/dedup_orders_remove.go:170.25,172.4 1 0
github.com/JayPonda/Product-catalog/server/commands/cmd/dedup_orders_remove.go:173.3,176.39 3 0
github.com/JayPonda/Product-catalog/server/commands/cmd/dedup_orders_remove.go:176.39,178.14 2 0
github.com/JayPonda/Product-catalog/server/commands/cmd/dedup_orders_remove.go:178.14,180.25 2 0
github.com/JayPonda/Product-catalog/server/commands/cmd/dedup_orders_remove.go:180.25,188.6 3 0
github.com/JayPonda/Product-catalog/server/commands/cmd/dedup_orders_remove.go:191.3,191.12 1 0
github.com/JayPonda/Product-catalog/server/commands/cmd/dedup_orders_remove.go:196.2,199.28 4 0
github.com/JayPonda/Product-catalog/server/commands/cmd/dedup_orders_remove.go:199.28,200.19 1 0
github.com/JayPonda/Product-catalog/server/commands/cmd/dedup_orders_remove.go:200.19,204.12 2 0
github.com/JayPonda/Product-catalog/server/commands/cmd/dedup_orders_remove.go:206.3,209.35 4 0
github.com/JayPonda/Product-catalog/server/commands/cmd/dedup_orders_remove.go:209.35,211.4 1 0
github.com/JayPonda/Product-catalog/server/commands/cmd/dedup_orders_remove.go:213.2,215.17 2 0
github.com/JayPonda/Product-catalog/server/commands/cmd/dedup_orders_remove.go:215.17,224.20 2 0
github.com/JayPonda/Product-catalog/server/commands/cmd/dedup_orders_remove.go:224.20,226.4 1 0
github.com/JayPonda/Product-catalog/server/commands/cmd/dedup_orders_remove.go:227.3,227.13 1 0
github.com/JayPonda/Product-catalog/server/commands/cmd/dedup_orders_remove.go:230.2,230.19 1 0
github.com/JayPonda/Product-catalog/server/commands/cmd/dedup_orders_remove.go:230.19,232.3 1 0
github.com/JayPonda/Product-catalog/server/commands/cmd/dedup_orders_remove.go:234.2,242.12 2 0
github.com/JayPonda/Product-catalog/server/commands/cmd/dedup_orders_remove.go:264.113,272.52 3 0
github.com/JayPonda/Product-catalog/server/commands/cmd/dedup_orders_remove.go:272.52,277.7 4 0
github.com/JayPonda/Product-catalog/server/commands/cmd/dedup_orders_remove.go:277.7,279.18 2 0
github.com/JayPonda/Product-catalog/server/commands/cmd/dedup_orders_remove.go:279.18,281.5 1 0
github.com/JayPonda/Product-catalog/server/commands/cmd/dedup_orders_remove.go:282.4,282.34 1 0
github.com/JayPonda/Product-catalog/server/commands/cmd/dedup_orders_remove.go:282.34,285.5 2 0
github.com/JayPonda/Product-catalog/server/commands/cmd/dedup_orders_remove.go:286.4,287.37 2 0
github.com/JayPonda/Product-catalog/server/commands/cmd/dedup_orders_remove.go:287.37,288.10 1 0
github.com/JayPonda/Product-catalog/server/commands/cmd/dedup_orders_remove.go:290.4,290.30 1 0
github.com/JayPonda/Product-catalog/server/commands/cmd/dedup_orders_remove.go:296.3,299.33 4 0
github.com/JayPonda/Product-catalog/server/commands/cmd/dedup_orders_remove.go:299.33,300.23 1 0
github.com/JayPonda/Product-catalog/server/commands/cmd/dedup_orders_remove.go:300.23,301.13 1 0
github.com/JayPonda/Product-catalog/server/commands/cmd/dedup_orders_remove.go:303.4,306.38 4 0
github.com/JayPonda/Product-catalog/server/commands/cmd/dedup_orders_remove.go:311.3,312.29 2 0
github.com/JayPonda/Product-catalog/server/commands/cmd/dedup_orders_remove.go:312.29,313.25 1 0
github.com/JayPonda/Product-catalog/server/commands/cmd/dedup_orders_remove.go:313.25,315.5 1 0
github.com/JayPonda/Product-catalog/server/commands/cmd/dedup_orders_remove.go:317.3,318.31 2 0
github.com/JayPonda/Product-catalog/server/commands/cmd/dedup_orders_remove.go:318.31,320.4 1 0
github.com/JayPonda/Product-catalog/server/commands/cmd/dedup_orders_remove.go:321.3,322.30 2 0
github.com/JayPonda/Product-catalog/server/commands/cmd/dedup_orders_remove.go:322.30,324.4 1 0
github.com/JayPonda/Product-catalog/server/commands/cmd/dedup_orders_remove.go:325.3,336.18 4 0
github.com/JayPonda/Product-catalog/server/commands/cmd/dedup_orders_remove.go:336.18,339.4 2 0
github.com/JayPonda/Product-catalog/server/commands/cmd/dedup_orders_remove.go:341.3,342.24 2 0
github.com/JayPonda/Product-catalog/server/commands/cmd/dedup_orders_remove.go:342.24,344.18 2 0
github.com/JayPonda/Product-catalog/server/commands/cmd/dedup_orders_remove.go:344.18,346.5 1 0
github.com/JayPonda/Product-catalog/server/commands/cmd/dedup_orders_remove.go:347.4,347.22 1 0
github.com/JayPonda/Product-catalog/server/commands/cmd/dedup_orders_remove.go:349.3,350.13 2 0
github.com/JayPonda/Product-catalog/server/commands/cmd/dedup_orders_remove.go:352.2,352.16 1 0
github.com/JayPonda/Product-catalog/server/commands/cmd/dedup_orders_remove.go:352.16,354.3 1 0
github.com/JayPonda/Product-catalog/server/commands/cmd/dedup_orders_remove.go:356.2,356.15 1 0
github.com/JayPonda/Product-catalog/server/commands/cmd/dedup_orders_remove.go:363.85,364.17 1 0
github.com/JayPonda/Product-catalog/server/commands/cmd/dedup_orders_remove.go:364.17,366.3 1 0
github.com/JayPonda/Product-catalog/server/commands/cmd/dedup_orders_remove.go:367.2,367.23 1 0
github.com/JayPonda/Product-catalog/server/commands/cmd/dedup_orders_remove.go:367.23,369.3 1 0
github.com/JayPonda/Product-catalog/server/commands/cmd/dedup_orders_remove.go:370.2,372.20 3 0
github.com/JayPonda/Product-catalog/server/commands/cmd/dedup_orders_remove.go:372.20,374.22 2 0
github.com/JayPonda/Product-catalog/server/commands/cmd/dedup_orders_remove.go:374.22,376.4 1 0
github.com/JayPonda/Product-catalog/server/commands/cmd/dedup_orders_remove.go:377.3,378.18 2 0
github.com/JayPonda/Product-catalog/server/commands/cmd/dedup_orders_remove.go:378.18,379.9 1 0
github.com/JayPonda/Product-catalog/server/commands/cmd/dedup_orders_remove.go:381.3,382.41 2 0
github.com/JayPonda/Product-catalog/server/commands/cmd/dedup_orders_remove.go:382.41,384.4 1 0
github.com/JayPonda/Product-catalog/server/commands/cmd/dedup_orders_remove.go:386.2,386.22 1 0
github.com/JayPonda/Product-catalog/server/commands/cmd/dedup_orders_remove.go:386.22,388.3 1 0
github.com/JayPonda/Product-catalog/server/commands/cmd/dedup_orders_remove.go:389.2,389.15 1 0
github.com/JayPonda/Product-catalog/server/commands/cmd/dedup_orders_remove.go:398.96,399.21 1 0
github.com/JayPonda/Product-catalog/server/commands/cmd/dedup_orders_remove.go:399.21,401.3 1 0
github.com/JayPonda/Product-catalog/server/commands/cmd/dedup_orders_remove.go:403.2,405.41 3 0
github.com/JayPonda/Product-catalog/server/commands/cmd/dedup_orders_remove.go:405.41,407.3 1 0
github.com/JayPonda/Product-catalog/server/commands/cmd/dedup_orders_remove.go:409.2,411.35 3 0
github.com/JayPonda/Product-catalog/server/commands/cmd/dedup_orders_remove.go:411.35,412.50 1 0
github.com/JayPonda/Product-catalog/server/commands/cmd/dedup_orders_remove.go:412.50,414.12 2 0
github.com/JayPonda/Product-catalog/server/commands/cmd/dedup_orders_remove.go:417.3,417.39 1 0
github.com/JayPonda/Product-catalog/server/commands/cmd/dedup_orders_remove.go:417.39,419.4 1 0
github.com/JayPonda/Product-catalog/server/commands/cmd/dedup_orders_remove.go:420.3,422.33 3 0
github.com/JayPonda/Product-catalog/server/commands/cmd/dedup_orders_remove.go:425.2,425.48 1 0
github.com/JayPonda/Product-catalog/server/commands/cmd/dedup_orders_remove.go:425.48,427.3 1 0
github.com/JayPonda/Product-catalog/server/commands/cmd/dedup_orders_remove.go:428.2,429.21 2 0
github.com/JayPonda/Product-catalog/server/commands/cmd/migrate.go:31.53,33.16 2 0
github.com/JayPonda/Product-catalog/server/commands/cmd/migrate.go:33.16,35.3 1 0
github.com/JayPonda/Product-catalog/server/commands/cmd/migrate.go:37.2,42.28 3 0
github.com/JayPonda/Product-catalog/server/commands/cmd/migrate.go:42.28,43.56 1 0
github.com/JayPonda/Product-catalog/server/commands/cmd/migrate.go:43.56,44.12 1 0
github.com/JayPonda/Product-catalog/server/commands/cmd/migrate.go:48.3,49.19 2 0
github.com/JayPonda/Product-catalog/server/commands/cmd/migrate.go:49.19,50.12 1 0
github.com/JayPonda/Product-catalog/server/commands/cmd/migrate.go:52.3,53.17 2 0
github.com/JayPonda/Product-catalog/server/commands/cmd/migrate.go:53.17,55.4 1 0
github.com/JayPonda/Product-catalog/server/commands/cmd/migrate.go:56.3,56.47 1 0
github.com/JayPonda/Product-catalog/server/commands/cmd/migrate.go:59.2,59.39 1 0
github.com/JayPonda/Product-catalog/server/commands/cmd/migrate.go:59.39,59.79 1 0
github.com/JayPonda/Product-catalog/server/commands/cmd/migrate.go:61.2,62.25 2 0
github.com/JayPonda/Product-catalog/server/commands/cmd/migrate.go:62.25,64.3 1 0
github.com/JayPonda/Product-catalog/server/commands/cmd/migrate.go:65.2,65.17 1 0
github.com/JayPonda/Product-catalog/server/commands/cmd/migrate.go:70.48,71.18 1 0
github.com/JayPonda/Product-catalog/server/commands/cmd/migrate.go:71.18,73.3 1 0
github.com/JayPonda/Product-catalog/server/commands/cmd/migrate.go:74.2,75.16 2 0
github.com/JayPonda/Product-catalog/server/commands/cmd/migrate.go:75.16,77.3 1 0
github.com/JayPonda/Product-catalog/server/commands/cmd/migrate.go:78.2,78.16 1 0
github.com/JayPonda/Product-catalog/server/commands/cmd/migrate.go:84.55,87.53 3 0
github.com/JayPonda/Product-catalog/server/commands/cmd/migrate.go:87.53,88.54 1 0
github.com/JayPonda/Product-catalog/server/commands/cmd/migrate.go:88.54,90.4 1 0
github.com/JayPonda/Product-catalog/server/commands/cmd/migrate.go:91.3,91.70 1 0
github.com/JayPonda/Product-catalog/server/commands/cmd/migrate.go:93.2,93.19 1 0
github.com/JayPonda/Product-catalog/server/commands/cmd/migrate.go:93.19,95.3 1 0
github.com/JayPonda/Product-catalog/server/commands/cmd/migrate.go:96.2,96.26 1 0
github.com/JayPonda/Product-catalog/server/commands/cmd/migrate.go:102.52,104.16 2 0
github.com/JayPonda/Product-catalog/server/commands/cmd/migrate.go:104.16,105.54 1 0
github.com/JayPonda/Product-catalog/server/commands/cmd/migrate.go:105.54,107.4 1 0
github.com/JayPonda/Product-catalog/server/commands/cmd/migrate.go:108.3,108.66 1 0
github.com/JayPonda/Product-catalog/server/commands/cmd/migrate.go:110.2,113.18 3 0
github.com/JayPonda/Product-catalog/server/commands/cmd/migrate.go:113.18,115.40 2 0
github.com/JayPonda/Product-catalog/server/commands/cmd/migrate.go:115.40,117.4 1 0
github.com/JayPonda/Product-catalog/server/commands/cmd/migrate.go:118.3,118.51 1 0
github.com/JayPonda/Product-catalog/server/commands/cmd/migrate.go:118.51,120.4 1 0
github.com/JayPonda/Product-catalog/server/commands/cmd/migrate.go:122.2,122.24 1 0
github.com/JayPonda/Product-catalog/server/commands/cmd/migrate.go:138.54,140.3 1 0
github.com/JayPonda/Product-catalog/server/commands/cmd/migrate.go:147.54,150.3 2 0
github.com/JayPonda/Product-catalog/server/commands/cmd/migrate.go:159.54,161.3 1 0
github.com/JayPonda/Product-catalog/server/commands/cmd/migrate.go:169.54,175.67 5 0
github.com/JayPonda/Product-catalog/server/commands/cmd/migrate.go:175.67,177.4 1 0
github.com/JayPonda/Product-catalog/server/commands/cmd/migrate.go:179.3,180.13 2 0
github.com/JayPonda/Product-catalog/server/commands/cmd/migrate.go:185.32,187.16 2 0
github.com/JayPonda/Product-catalog/server/commands/cmd/migrate.go:187.16,189.3 1 0
github.com/JayPonda/Product-catalog/server/commands/cmd/migrate.go:190.2,190.34 1 0
github.com/JayPonda/Product-catalog/server/commands/cmd/migrate.go:190.34,193.3 2 0
github.com/JayPonda/Product-catalog/server/commands/cmd/migrate.go:194.2,194.16 1 0
github.com/JayPonda/Product-catalog/server/commands/cmd/migrate.go:200.78,202.16 2 0
github.com/JayPonda/Product-catalog/server/commands/cmd/migrate.go:202.16,204.3 1 0
github.com/JayPonda/Product-catalog/server/commands/cmd/migrate.go:205.2,213.65 4 0
github.com/JayPonda/Product-catalog/server/commands/cmd/migrate.go:213.65,215.3 1 0
github.com/JayPonda/Product-catalog/server/commands/cmd/migrate.go:215.8,217.3 1 0
github.com/JayPonda/Product-catalog/server/commands/cmd/migrate.go:218.2,218.16 1 0
github.com/JayPonda/Product-catalog/server/commands/cmd/migrate.go:218.16,221.3 1 0
github.com/JayPonda/Product-catalog/server/commands/cmd/migrate.go:223.2,224.31 2 0
github.com/JayPonda/Product-catalog/server/commands/cmd/migrate.go:224.31,226.3 1 0
github.com/JayPonda/Product-catalog/server/commands/cmd/migrate.go:227.2,228.12 2 0
github.com/JayPonda/Product-catalog/server/commands/cmd/migrate.go:238.22,240.16 2 0
github.com/JayPonda/Product-catalog/server/commands/cmd/migrate.go:240.16,242.3 1 0
github.com/JayPonda/Product-catalog/server/commands/cmd/migrate.go:243.2,251.16 5 0
github.com/JayPonda/Product-catalog/server/commands/cmd/migrate.go:251.16,253.3 1 0
github.com/JayPonda/Product-catalog/server/commands/cmd/migrate.go:256.2,257.16 2 0
github.com/JayPonda/Product-catalog/server/commands/cmd/migrate.go:257.16,259.3 1 0
github.com/JayPonda/Product-catalog/server/commands/cmd/migrate.go:262.2,263.16 2 0
github.com/JayPonda/Product-catalog/server/commands/cmd/migrate.go:263.16,265.3 1 0
github.com/JayPonda/Product-catalog/server/commands/cmd/migrate.go:266.2,266.25 1 0
github.com/JayPonda/Product-catalog/server/commands/cmd/migrate.go:266.25,269.3 2 0
github.com/JayPonda/Product-catalog/server/commands/cmd/migrate.go:272.2,273.16 2 0
github.com/JayPonda/Product-catalog/server/commands/cmd/migrate.go:273.16,275.3 1 0
github.com/JayPonda/Product-catalog/server/commands/cmd/migrate.go:279.2,280.25 2 0
github.com/JayPonda/Product-catalog/server/commands/cmd/migrate.go:280.25,282.10 2 0
github.com/JayPonda/Product-catalog/server/commands/cmd/migrate.go:282.10,283.12 1 0
github.com/JayPonda/Product-catalog/server/commands/cmd/migrate.go:285.3,285.32 1 0
github.com/JayPonda/Product-catalog/server/commands/cmd/migrate.go:285.32,286.12 1 0
github.com/JayPonda/Product-catalog/server/commands/cmd/migrate.go:288.3,288.31 1 0
github.com/JayPonda/Product-catalog/server/commands/cmd/migrate.go:288.31,289.12 1 0
github.com/JayPonda/Product-catalog/server/commands/cmd/migrate.go:291.3,291.95 1 0
github.com/JayPonda/Product-catalog/server/commands/cmd/migrate.go:291.95,292.27 1 0
github.com/JayPonda/Product-catalog/server/commands/cmd/migrate.go:292.27,293.13 1 0
github.com/JayPonda/Product-catalog/server/commands/cmd/migrate.go:295.4,295.65 1 0
github.com/JayPonda/Product-catalog/server/commands/cmd/migrate.go:297.3,297.11 1 0
github.com/JayPonda/Product-catalog/server/commands/cmd/migrate.go:300.2,300.17 1 0
github.com/JayPonda/Product-catalog/server/commands/cmd/migrate.go:300.17,302.3 1 0
github.com/JayPonda/Product-catalog/server/commands/cmd/migrate.go:302.8,304.3 1 0
github.com/JayPonda/Product-catalog/server/commands/cmd/migrate.go:305.2,305.12 1 0
github.com/JayPonda/Product-catalog/server/commands/cmd/migrate.go:310.37,315.2 2 0
github.com/JayPonda/Product-catalog/server/commands/cmd/migrate.go:317.13,324.2 6 0
github.com/JayPonda/Product-catalog/server/commands/cmd/root.go:53.61,59.42 4 0
github.com/JayPonda/Product-catalog/server/commands/cmd/root.go:59.42,61.3 1 0
github.com/JayPonda/Product-catalog/server/commands/cmd/root.go:64.14,71.2 0 0
github.com/JayPonda/Product-catalog/server/commands/cmd/seed.go:33.76,37.55 1 0
github.com/JayPonda/Product-catalog/server/commands/cmd/seed.go:37.55,42.17 3 0
github.com/JayPonda/Product-catalog/server/commands/cmd/seed.go:42.17,44.4 1 0
github.com/JayPonda/Product-catalog/server/commands/cmd/seed.go:45.3,50.17 5 0
github.com/JayPonda/Product-catalog/server/commands/cmd/seed.go:50.17,52.4 1 0
github.com/JayPonda/Product-catalog/server/commands/cmd/seed.go:53.3,53.20 1 0
github.com/JayPonda/Product-catalog/server/commands/cmd/seed.go:53.20,55.4 1 0
github.com/JayPonda/Product-catalog/server/commands/cmd/seed.go:56.3,57.22 2 0
github.com/JayPonda/Product-catalog/server/commands/cmd/seed.go:57.22,59.4 1 0
github.com/JayPonda/Product-catalog/server/commands/cmd/seed.go:62.3,64.17 3 0
github.com/JayPonda/Product-catalog/server/commands/cmd/seed.go:64.17,66.4 1 0
github.com/JayPonda/Product-catalog/server/commands/cmd/seed.go:67.3,72.17 5 0
github.com/JayPonda/Product-catalog/server/commands/cmd/seed.go:72.17,74.4 1 0
github.com/JayPonda/Product-catalog/server/commands/cmd/seed.go:75.3,80.17 5 0
github.com/JayPonda/Product-catalog/server/commands/cmd/seed.go:80.17,82.4 1 0
github.com/JayPonda/Product-catalog/server/commands/cmd/seed.go:84.3,89.32 3 0
github.com/JayPonda/Product-catalog/server/commands/cmd/seed.go:89.32,90.20 1 0
github.com/JayPonda/Product-catalog/server/commands/cmd/seed.go:90.20,91.13 1 0
github.com/JayPonda/Product-catalog/server/commands/cmd/seed.go:93.4,102.41 6 0
github.com/JayPonda/Product-catalog/server/commands/cmd/seed.go:102.41,110.22 2 0
github.com/JayPonda/Product-catalog/server/commands/cmd/seed.go:110.22,112.6 1 0
github.com/JayPonda/Product-catalog/server/commands/cmd/seed.go:113.5,113.56 1 0
github.com/JayPonda/Product-catalog/server/commands/cmd/seed.go:113.56,115.6 1 0
github.com/JayPonda/Product-catalog/server/commands/cmd/seed.go:116.5,117.78 2 0
github.com/JayPonda/Product-catalog/server/commands/cmd/seed.go:121.4,122.19 2 0
github.com/JayPonda/Product-catalog/server/commands/cmd/seed.go:122.19,124.5 1 0
github.com/JayPonda/Product-catalog/server/commands/cmd/seed.go:125.4,126.19 2 0
github.com/JayPonda/Product-catalog/server/commands/cmd/seed.go:126.19,128.5 1 0
github.com/JayPonda/Product-catalog/server/commands/cmd/seed.go:131.4,138.21 2 0
github.com/JayPonda/Product-catalog/server/commands/cmd/seed.go:138.21,140.5 1 0
github.com/JayPonda/Product-catalog/server/commands/cmd/seed.go:141.4,141.55 1 0
github.com/JayPonda/Product-catalog/server/commands/cmd/seed.go:141.55,143.5 1 0
github.com/JayPonda/Product-catalog/server/commands/cmd/seed.go:145.4,152.6 1 0
github.com/JayPonda/Product-catalog/server/commands/cmd/seed.go:155.3,162.13 5 0
github.com/JayPonda/Product-catalog/server/commands/cmd/seed.go:166.2,168.12 2 0
github.com/JayPonda/Product-catalog/server/commands/cmd/serve.go:31.54,48.37 6 0
github.com/JayPonda/Product-catalog/server/commands/cmd/serve.go:48.37,51.4 2 0
github.com/JayPonda/Product-catalog/server/commands/cmd/serve.go:54.3,57.37 2 0
github.com/JayPonda/Product-catalog/server/commands/cmd/serve.go:57.37,60.4 2 0
github.com/JayPonda/Product-catalog/server/commands/cmd/serve.go:63.3,64.17 2 0
github.com/JayPonda/Product-catalog/server/commands/cmd/serve.go:64.17,66.4 1 0
github.com/JayPonda/Product-catalog/server/commands/cmd/serve.go:68.3,69.17 2 0
github.com/JayPonda/Product-catalog/server/commands/cmd/serve.go:69.17,71.4 1 0
github.com/JayPonda/Product-catalog/server/commands/cmd/serve.go:73.3,74.17 2 0
github.com/JayPonda/Product-catalog/server/commands/cmd/serve.go:74.17,76.4 1 0
github.com/JayPonda/Product-catalog/server/commands/cmd/serve.go:78.3,79.17 2 0
github.com/JayPonda/Product-catalog/server/commands/cmd/serve.go:79.17,81.4 1 0
github.com/JayPonda/Product-catalog/server/commands/cmd/serve.go:84.3,85.17 2 0
github.com/JayPonda/Product-catalog/server/commands/cmd/serve.go:85.17,87.4 1 0
github.com/JayPonda/Product-catalog/server/commands/cmd/serve.go:89.3,90.17 2 0
github.com/JayPonda/Product-catalog/server/commands/cmd/serve.go:90.17,92.4 1 0
github.com/JayPonda/Product-catalog/server/commands/cmd/serve.go:94.3,102.17 2 0
github.com/JayPonda/Product-catalog/server/commands/cmd/serve.go:102.17,104.4 1 0
github.com/JayPonda/Product-catalog/server/commands/cmd/serve.go:107.3,119.46 7 0
github.com/JayPonda/Product-catalog/server/commands/cmd/serve.go:119.46,121.4 1 0
github.com/JayPonda/Product-catalog/server/commands/cmd/serve.go:124.3,124.72 1 0
github.com/JayPonda/Product-catalog/server/commands/cmd/serve.go:128.13,130.2 1 0
github.com/JayPonda/Product-catalog/server/src/controllers/v1/AuthController.go:26.91,32.2 1 0
github.com/JayPonda/Product-catalog/server/src/controllers/v1/AuthController.go:44.57,47.46 2 0
github.com/JayPonda/Product-catalog/server/src/controllers/v1/AuthController.go:47.46,52.3 1 0
github.com/JayPonda/Product-catalog/server/src/controllers/v1/AuthController.go:54.2,54.49 1 0
github.com/JayPonda/Product-catalog/server/src/controllers/v1/AuthController.go:54.49,59.3 1 0
github.com/JayPonda/Product-catalog/server/src/controllers/v1/AuthController.go:61.2,62.16 2 0
github.com/JayPonda/Product-catalog/server/src/controllers/v1/AuthController.go:62.16,63.49 1 0
github.com/JayPonda/Product-catalog/server/src/controllers/v1/AuthController.go:63.49,67.4 1 0
github.com/JayPonda/Product-catalog/server/src/controllers/v1/AuthController.go:68.3,70.5 1 0
github.com/JayPonda/Product-catalog/server/src/controllers/v1/AuthController.go:73.2,73.55 1 0
github.com/JayPonda/Product-catalog/server/src/controllers/v1/AuthController.go:86.54,89.46 2 0
github.com/JayPonda/Product-catalog/server/src/controllers/v1/AuthController.go:89.46,94.3 1 0
github.com/JayPonda/Product-catalog/server/src/controllers/v1/AuthController.go:96.2,96.49 1 0
github.com/JayPonda/Product-catalog/server/src/controllers/v1/AuthController.go:96.49,101.3 1 0
github.com/JayPonda/Product-catalog/server/src/controllers/v1/AuthController.go:103.2,104.16 2 0
github.com/JayPonda/Product-catalog/server/src/controllers/v1/AuthController.go:104.16,105.53 1 0
github.com/JayPonda/Product-catalog/server/src/controllers/v1/AuthController.go:105.53,109.4 1 0
github.com/JayPonda/Product-catalog/server/src/controllers/v1/AuthController.go:110.3,112.5 1 0
github.com/JayPonda/Product-catalog/server/src/controllers/v1/AuthController.go:115.2,119.4 2 0
github.com/JayPonda/Product-catalog/server/src/controllers/v1/AuthController.go:129.55,131.9 2 0
github.com/JayPonda/Product-catalog/server/src/controllers/v1/AuthController.go:131.9,135.3 1 0
github.com/JayPonda/Product-catalog/server/src/controllers/v1/AuthController.go:137.2,137.50 1 0
github.com/JayPonda/Product-catalog/server/src/controllers/v1/AuthController.go:137.50,141.3 1 0
github.com/JayPonda/Product-catalog/server/src/controllers/v1/AuthController.go:143.2,144.52 2 0
github.com/JayPonda/Product-catalog/server/src/controllers/v1/AuthController.go:154.51,156.9 2 0
github.com/JayPonda/Product-catalog/server/src/controllers/v1/AuthController.go:156.9,160.3 1 0
github.com/JayPonda/Product-catalog/server/src/controllers/v1/AuthController.go:162.2,163.16 2 0
github.com/JayPonda/Product-catalog/server/src/controllers/v1/AuthController.go:163.16,167.3 1 0
github.com/JayPonda/Product-catalog/server/src/controllers/v1/AuthController.go:169.2,171.4 1 0
github.com/JayPonda/Product-catalog/server/src/controllers/v1/AuthController.go:174.91,191.2 2 0
github.com/JayPonda/Product-catalog/server/src/controllers/v1/AuthController.go:193.59,212.2 2 0
github.com/JayPonda/Product-catalog/server/src/controllers/v1/CategoryController.go:17.83,22.2 1 0
github.com/JayPonda/Product-catalog/server/src/controllers/v1/CategoryController.go:35.68,38.49 2 0
github.com/JayPonda/Product-catalog/server/src/controllers/v1/CategoryController.go:38.49,43.3 1 0
github.com/JayPonda/Product-catalog/server/src/controllers/v1/CategoryController.go:45.2,45.51 1 0
github.com/JayPonda/Product-catalog/server/src/controllers/v1/CategoryController.go:45.51,50.3 1 0
github.com/JayPonda/Product-catalog/server/src/controllers/v1/CategoryController.go:52.2,52.22 1 0
github.com/JayPonda/Product-catalog/server/src/controllers/v1/CategoryController.go:52.22,54.3 1 0
github.com/JayPonda/Product-catalog/server/src/controllers/v1/CategoryController.go:56.2,57.16 2 0
github.com/JayPonda/Product-catalog/server/src/controllers/v1/CategoryController.go:57.16,61.3 1 0
github.com/JayPonda/Product-catalog/server/src/controllers/v1/CategoryController.go:63.2,63.92 1 0
github.com/JayPonda/Product-catalog/server/src/controllers/v1/CategoryController.go:77.67,80.49 2 0
github.com/JayPonda/Product-catalog/server/src/controllers/v1/CategoryController.go:80.49,85.3 1 0
github.com/JayPonda/Product-catalog/server/src/controllers/v1/CategoryController.go:87.2,87.51 1 0
github.com/JayPonda/Product-catalog/server/src/controllers/v1/CategoryController.go:87.51,92.3 1 0
github.com/JayPonda/Product-catalog/server/src/controllers/v1/CategoryController.go:94.2,94.22 1 0
github.com/JayPonda/Product-catalog/server/src/controllers/v1/CategoryController.go:94.22,96.3 1 0
github.com/JayPonda/Product-catalog/server/src/controllers/v1/CategoryController.go:98.2,99.16 2 0
github.com/JayPonda/Product-catalog/server/src/controllers/v1/CategoryController.go:99.16,103.3 1 0
github.com/JayPonda/Product-catalog/server/src/controllers/v1/CategoryController.go:105.2,105.27 1 0
github.com/JayPonda/Product-catalog/server/src/controllers/v1/CategoryController.go:120.67,123.46 2 0
github.com/JayPonda/Product-catalog/server/src/controllers/v1/CategoryController.go:123.46,128.3 1 0
github.com/JayPonda/Product-catalog/server/src/controllers/v1/CategoryController.go:130.2,130.49 1 0
github.com/JayPonda/Product-catalog/server/src/controllers/v1/CategoryController.go:130.49,135.3 1 0
github.com/JayPonda/Product-catalog/server/src/controllers/v1/CategoryController.go:137.2,138.16 2 0
github.com/JayPonda/Product-catalog/server/src/controllers/v1/CategoryController.go:138.16,139.52 1 0
github.com/JayPonda/Product-catalog/server/src/controllers/v1/CategoryController.go:139.52,143.4 1 0
github.com/JayPonda/Product-catalog/server/src/controllers/v1/CategoryController.go:144.3,144.56 1 0
github.com/JayPonda/Product-catalog/server/src/controllers/v1/CategoryController.go:144.56,148.4 1 0
github.com/JayPonda/Product-catalog/server/src/controllers/v1/CategoryController.go:149.3,151.5 1 0
github.com/JayPonda/Product-catalog/server/src/controllers/v1/CategoryController.go:154.2,154.55 1 0
github.com/JayPonda/Product-catalog/server/src/controllers/v1/ProductController.go:19.80,24.2 1 0
github.com/JayPonda/Product-catalog/server/src/controllers/v1/ProductController.go:37.64,40.49 2 0
github.com/JayPonda/Product-catalog/server/src/controllers/v1/ProductController.go:40.49,45.3 1 0
github.com/JayPonda/Product-catalog/server/src/controllers/v1/ProductController.go:47.2,47.51 1 0
github.com/JayPonda/Product-catalog/server/src/controllers/v1/ProductController.go:47.51,52.3 1 0
github.com/JayPonda/Product-catalog/server/src/controllers/v1/ProductController.go:54.2,54.22 1 0
github.com/JayPonda/Product-catalog/server/src/controllers/v1/ProductController.go:54.22,56.3 1 0
github.com/JayPonda/Product-catalog/server/src/controllers/v1/ProductController.go:58.2,59.16 2 0
github.com/JayPonda/Product-catalog/server/src/controllers/v1/ProductController.go:59.16,63.3 1 0
github.com/JayPonda/Product-catalog/server/src/controllers/v1/ProductController.go:65.2,65.27 1 0
github.com/JayPonda/Product-catalog/server/src/controllers/v1/ProductController.go:80.65,83.46 2 0
github.com/JayPonda/Product-catalog/server/src/controllers/v1/ProductController.go:83.46,88.3 1 0
github.com/JayPonda/Product-catalog/server/src/controllers/v1/ProductController.go:90.2,90.49 1 0
github.com/JayPonda/Product-catalog/server/src/controllers/v1/ProductController.go:90.49,95.3 1 0
github.com/JayPonda/Product-catalog/server/src/controllers/v1/ProductController.go:97.2,98.16 2 0
github.com/JayPonda/Product-catalog/server/src/controllers/v1/ProductController.go:98.16,99.55 1 0
github.com/JayPonda/Product-catalog/server/src/controllers/v1/ProductController.go:99.55,103.4 1 0
github.com/JayPonda/Product-catalog/server/src/controllers/v1/ProductController.go:104.3,106.5 1 0
github.com/JayPonda/Product-catalog/server/src/controllers/v1/ProductController.go:109.2,109.54 1 0
github.com/JayPonda/Product-catalog/server/src/controllers/v1/ProductController.go:123.66,126.49 2 0
github.com/JayPonda/Product-catalog/server/src/controllers/v1/ProductController.go:126.49,131.3 1 0
github.com/JayPonda/Product-catalog/server/src/controllers/v1/ProductController.go:133.2,133.51 1 0
github.com/JayPonda/Product-catalog/server/src/controllers/v1/ProductController.go:133.51,138.3 1 0
github.com/JayPonda/Product-catalog/server/src/controllers/v1/ProductController.go:140.2,140.22 1 0
github.com/JayPonda/Product-catalog/server/src/controllers/v1/ProductController.go:140.22,142.3 1 0
github.com/JayPonda/Product-catalog/server/src/controllers/v1/ProductController.go:144.2,147.16 3 0
github.com/JayPonda/Product-catalog/server/src/controllers/v1/ProductController.go:147.16,151.3 1 0
github.com/JayPonda/Product-catalog/server/src/controllers/v1/ProductController.go:153.2,153.27 1 0
github.com/JayPonda/Product-catalog/server/src/controllers/v1/ProductController.go:166.66,168.16 2 0
github.com/JayPonda/Product-catalog/server/src/controllers/v1/ProductController.go:168.16,172.3 1 0
github.com/JayPonda/Product-catalog/server/src/controllers/v1/ProductController.go:174.2,175.16 2 0
github.com/JayPonda/Product-catalog/server/src/controllers/v1/ProductController.go:175.16,179.3 1 0
github.com/JayPonda/Product-catalog/server/src/controllers/v1/ProductController.go:181.2,181.26 1 0
github.com/JayPonda/Product-catalog/server/src/controllers/v1/ProductController.go:193.68,197.16 3 0
github.com/JayPonda/Product-catalog/server/src/controllers/v1/ProductController.go:197.16,201.3 1 0
github.com/JayPonda/Product-catalog/server/src/controllers/v1/ProductController.go:203.2,203.26 1 0
github.com/JayPonda/Product-catalog/server/src/controllers/v1/ProductController.go:220.65,222.16 2 0
github.com/JayPonda/Product-catalog/server/src/controllers/v1/ProductController.go:222.16,226.3 1 0
github.com/JayPonda/Product-catalog/server/src/controllers/v1/ProductController.go:228.2,230.46 2 0
github.com/JayPonda/Product-catalog/server/src/controllers/v1/ProductController.go:230.46,235.3 1 0
github.com/JayPonda/Product-catalog/server/src/controllers/v1/ProductController.go:237.2,237.49 1 0
github.com/JayPonda/Product-catalog/server/src/controllers/v1/ProductController.go:237.49,242.3 1 0
github.com/JayPonda/Product-catalog/server/src/controllers/v1/ProductController.go:244.2,245.16 2 0
github.com/JayPonda/Product-catalog/server/src/controllers/v1/ProductController.go:245.16,246.55 1 0
github.com/JayPonda/Product-catalog/server/src/controllers/v1/ProductController.go:246.55,250.4 1 0
github.com/JayPonda/Product-catalog/server/src/controllers/v1/ProductController.go:251.3,253.5 1 0
github.com/JayPonda/Product-catalog/server/src/controllers/v1/ProductController.go:256.2,256.26 1 0
github.com/JayPonda/Product-catalog/server/src/controllers/v1/ProductController.go:272.64,274.16 2 0
github.com/JayPonda/Product-catalog/server/src/controllers/v1/ProductController.go:274.16,278.3 1 0
github.com/JayPonda/Product-catalog/server/src/controllers/v1/ProductController.go:280.2,282.46 2 0
github.com/JayPonda/Product-catalog/server/src/controllers/v1/ProductController.go:282.46,287.3 1 0
github.com/JayPonda/Product-catalog/server/src/controllers/v1/ProductController.go:289.2,289.49 1 0
github.com/JayPonda/Product-catalog/server/src/controllers/v1/ProductController.go:289.49,294.3 1 0
github.com/JayPonda/Product-catalog/server/src/controllers/v1/ProductController.go:296.2,297.16 2 0
github.com/JayPonda/Product-catalog/server/src/controllers/v1/ProductController.go:297.16,298.98 1 0
github.com/JayPonda/Product-catalog/server/src/controllers/v1/ProductController.go:298.98,302.4 1 0
github.com/JayPonda/Product-catalog/server/src/controllers/v1/ProductController.go:303.3,305.5 1 0
github.com/JayPonda/Product-catalog/server/src/controllers/v1/ProductController.go:308.2,308.26 1 0
github.com/JayPonda/Product-catalog/server/src/controllers/v1/ProductController.go:324.66,326.16 2 0
github.com/JayPonda/Product-catalog/server/src/controllers/v1/ProductController.go:326.16,330.3 1 0
github.com/JayPonda/Product-catalog/server/src/controllers/v1/ProductController.go:332.2,334.46 2 0
github.com/JayPonda/Product-catalog/server/src/controllers/v1/ProductController.go:334.46,339.3 1 0
github.com/JayPonda/Product-catalog/server/src/controllers/v1/ProductController.go:341.2,341.49 1 0
github.com/JayPonda/Product-catalog/server/src/controllers/v1/ProductController.go:341.49,346.3 1 0
github.com/JayPonda/Product-catalog/server/src/controllers/v1/ProductController.go:348.2,349.16 2 0
github.com/JayPonda/Product-catalog/server/src/controllers/v1/ProductController.go:349.16,350.98 1 0
github.com/JayPonda/Product-catalog/server/src/controllers/v1/ProductController.go:350.98,354.4 1 0
github.com/JayPonda/Product-catalog/server/src/controllers/v1/ProductController.go:355.3,357.5 1 0
github.com/JayPonda/Product-catalog/server/src/controllers/v1/ProductController.go:360.2,360.26 1 0
github.com/JayPonda/Product-catalog/server/src/controllers/v1/ProductController.go:372.65,374.16 2 0
github.com/JayPonda/Product-catalog/server/src/controllers/v1/ProductController.go:374.16,378.3 1 0
github.com/JayPonda/Product-catalog/server/src/controllers/v1/ProductController.go:380.2,381.16 2 0
github.com/JayPonda/Product-catalog/server/src/controllers/v1/ProductController.go:381.16,385.3 1 0
github.com/JayPonda/Product-catalog/server/src/controllers/v1/ProductController.go:387.2,387.52 1 0
github.com/JayPonda/Product-catalog/server/src/middleware/AuthMiddleware.go:11.47,12.35 1 0
github.com/JayPonda/Product-catalog/server/src/middleware/AuthMiddleware.go:12.35,14.24 2 0
github.com/JayPonda/Product-catalog/server/src/middleware/AuthMiddleware.go:14.24,18.4 1 0
github.com/JayPonda/Product-catalog/server/src/middleware/AuthMiddleware.go:20.3,21.17 2 0
github.com/JayPonda/Product-catalog/server/src/middleware/AuthMiddleware.go:21.17,25.4 1 0
github.com/JayPonda/Product-catalog/server/src/middleware/AuthMiddleware.go:27.3,28.17 2 0
github.com/JayPonda/Product-catalog/server/src/middleware/AuthMiddleware.go:28.17,32.4 1 0
github.com/JayPonda/Product-catalog/server/src/middleware/AuthMiddleware.go:34.3,35.20 2 0
github.com/JayPonda/Product-catalog/server/src/repositories/CategoryRepository.go:24.32,29.2 1 1
github.com/JayPonda/Product-catalog/server/src/repositories/CategoryRepository.go:31.129,51.16 4 1
github.com/JayPonda/Product-catalog/server/src/repositories/CategoryRepository.go:51.16,53.3 1 1
github.com/JayPonda/Product-catalog/server/src/repositories/CategoryRepository.go:55.2,55.12 1 1
github.com/JayPonda/Product-catalog/server/src/repositories/CategoryRepository.go:55.12,57.3 1 1
github.com/JayPonda/Product-catalog/server/src/repositories/CategoryRepository.go:59.2,59.22 1 1
github.com/JayPonda/Product-catalog/server/src/repositories/CategoryRepository.go:62.135,82.16 4 1
github.com/JayPonda/Product-catalog/server/src/repositories/CategoryRepository.go:82.16,84.3 1 1
github.com/JayPonda/Product-catalog/server/src/repositories/CategoryRepository.go:86.2,86.22 1 1
github.com/JayPonda/Product-catalog/server/src/repositories/CategoryRepository.go:89.141,93.34 3 1
github.com/JayPonda/Product-catalog/server/src/repositories/CategoryRepository.go:93.34,94.51 1 1
github.com/JayPonda/Product-catalog/server/src/repositories/CategoryRepository.go:94.51,96.4 1 1
github.com/JayPonda/Product-catalog/server/src/repositories/CategoryRepository.go:99.2,116.16 3 1
github.com/JayPonda/Product-catalog/server/src/repositories/CategoryRepository.go:116.16,118.3 1 1
github.com/JayPonda/Product-catalog/server/src/repositories/CategoryRepository.go:120.2,120.22 1 1
github.com/JayPonda/Product-catalog/server/src/repositories/CategoryRepository.go:123.145,145.16 4 1
github.com/JayPonda/Product-catalog/server/src/repositories/CategoryRepository.go:145.16,147.3 1 1
github.com/JayPonda/Product-catalog/server/src/repositories/CategoryRepository.go:149.2,159.16 3 1
github.com/JayPonda/Product-catalog/server/src/repositories/CategoryRepository.go:159.16,161.3 1 0
github.com/JayPonda/Product-catalog/server/src/repositories/CategoryRepository.go:163.2,163.31 1 1
github.com/JayPonda/Product-catalog/server/src/repositories/CategoryRepository.go:169.28,172.16 2 1
github.com/JayPonda/Product-catalog/server/src/repositories/CategoryRepository.go:172.16,174.3 1 0
github.com/JayPonda/Product-catalog/server/src/repositories/CategoryRepository.go:176.2,189.16 3 1
github.com/JayPonda/Product-catalog/server/src/repositories/CategoryRepository.go:189.16,191.3 1 1
github.com/JayPonda/Product-catalog/server/src/repositories/CategoryRepository.go:193.2,193.59 1 1
github.com/JayPonda/Product-catalog/server/src/repositories/CategoryRepository.go:196.149,222.16 6 1
github.com/JayPonda/Product-catalog/server/src/repositories/CategoryRepository.go:222.16,224.3 1 0
github.com/JayPonda/Product-catalog/server/src/repositories/CategoryRepository.go:226.2,226.24 1 1
github.com/JayPonda/Product-catalog/server/src/repositories/CategoryRepository.go:229.109,247.2 3 1
github.com/JayPonda/Product-catalog/server/src/repositories/OrderRepository.go:21.103,26.2 1 1
github.com/JayPonda/Product-catalog/server/src/repositories/OrderRepository.go:30.133,51.16 4 1
github.com/JayPonda/Product-catalog/server/src/repositories/OrderRepository.go:51.16,53.3 1 1
github.com/JayPonda/Product-catalog/server/src/repositories/OrderRepository.go:55.2,63.16 3 1
github.com/JayPonda/Product-catalog/server/src/repositories/OrderRepository.go:63.16,65.3 1 0
github.com/JayPonda/Product-catalog/server/src/repositories/OrderRepository.go:67.2,67.27 1 1
github.com/JayPonda/Product-catalog/server/src/repositories/OrderRepository.go:74.172,99.16 4 1
github.com/JayPonda/Product-catalog/server/src/repositories/OrderRepository.go:99.16,101.3 1 1
github.com/JayPonda/Product-catalog/server/src/repositories/OrderRepository.go:103.2,115.16 3 1
github.com/JayPonda/Product-catalog/server/src/repositories/OrderRepository.go:115.16,117.3 1 0
github.com/JayPonda/Product-catalog/server/src/repositories/OrderRepository.go:119.2,119.27 1 1
github.com/JayPonda/Product-catalog/server/src/repositories/OrderRepository.go:123.100,135.16 3 1
github.com/JayPonda/Product-catalog/server/src/repositories/OrderRepository.go:135.16,137.3 1 1
github.com/JayPonda/Product-catalog/server/src/repositories/OrderRepository.go:139.2,139.54 1 1
github.com/JayPonda/Product-catalog/server/src/repositories/OrderRepository.go:139.54,141.3 1 1
github.com/JayPonda/Product-catalog/server/src/repositories/OrderRepository.go:143.2,143.12 1 1
github.com/JayPonda/Product-catalog/server/src/repositories/OrderRepository.go:150.113,151.19 1 1
github.com/JayPonda/Product-catalog/server/src/repositories/OrderRepository.go:151.19,153.3 1 0
github.com/JayPonda/Product-catalog/server/src/repositories/OrderRepository.go:155.2,158.25 3 1
github.com/JayPonda/Product-catalog/server/src/repositories/OrderRepository.go:158.25,160.3 1 1
github.com/JayPonda/Product-catalog/server/src/repositories/OrderRepository.go:162.2,170.16 2 1
github.com/JayPonda/Product-catalog/server/src/repositories/OrderRepository.go:170.16,172.3 1 1
github.com/JayPonda/Product-catalog/server/src/repositories/OrderRepository.go:174.2,175.16 2 1
github.com/JayPonda/Product-catalog/server/src/repositories/OrderRepository.go:175.16,177.3 1 0
github.com/JayPonda/Product-catalog/server/src/repositories/OrderRepository.go:179.2,179.22 1 1
github.com/JayPonda/Product-catalog/server/src/repositories/ProductCategoryRepository.go:22.39,27.2 1 1
github.com/JayPonda/Product-catalog/server/src/repositories/ProductCategoryRepository.go:34.37,55.16 4 1
github.com/JayPonda/Product-catalog/server/src/repositories/ProductCategoryRepository.go:55.16,57.3 1 0
github.com/JayPonda/Product-catalog/server/src/repositories/ProductCategoryRepository.go:59.2,59.31 1 1
github.com/JayPonda/Product-catalog/server/src/repositories/ProductCategoryRepository.go:65.37,86.16 4 1
github.com/JayPonda/Product-catalog/server/src/repositories/ProductCategoryRepository.go:86.16,88.3 1 1
github.com/JayPonda/Product-catalog/server/src/repositories/ProductCategoryRepository.go:90.2,90.31 1 1
github.com/JayPonda/Product-catalog/server/src/repositories/ProductCategoryRepository.go:99.41,120.26 4 1
github.com/JayPonda/Product-catalog/server/src/repositories/ProductCategoryRepository.go:120.26,122.3 1 1
github.com/JayPonda/Product-catalog/server/src/repositories/ProductCategoryRepository.go:124.2,124.35 1 1
github.com/JayPonda/Product-catalog/server/src/repositories/ProductCategoryRepository.go:133.9,137.16 3 1
github.com/JayPonda/Product-catalog/server/src/repositories/ProductCategoryRepository.go:137.16,139.3 1 1
github.com/JayPonda/Product-catalog/server/src/repositories/ProductCategoryRepository.go:141.2,141.11 1 1
github.com/JayPonda/Product-catalog/server/src/repositories/ProductCategoryRepository.go:141.11,142.31 1 0
github.com/JayPonda/Product-catalog/server/src/repositories/ProductCategoryRepository.go:142.31,154.4 1 0
github.com/JayPonda/Product-catalog/server/src/repositories/ProductCategoryRepository.go:155.3,155.13 1 0
github.com/JayPonda/Product-catalog/server/src/repositories/ProductCategoryRepository.go:158.2,159.16 2 1
github.com/JayPonda/Product-catalog/server/src/repositories/ProductCategoryRepository.go:159.16,161.3 1 0
github.com/JayPonda/Product-catalog/server/src/repositories/ProductCategoryRepository.go:163.2,175.12 2 1
github.com/JayPonda/Product-catalog/server/src/repositories/ProductCategoryRepository.go:183.9,202.2 3 1
github.com/JayPonda/Product-catalog/server/src/repositories/ProductCategoryRepository.go:209.9,227.2 3 1
github.com/JayPonda/Product-catalog/server/src/repositories/ProductRepository.go:20.107,26.2 1 1
github.com/JayPonda/Product-catalog/server/src/repositories/ProductRepository.go:28.125,52.16 4 1
github.com/JayPonda/Product-catalog/server/src/repositories/ProductRepository.go:52.16,54.3 1 1
github.com/JayPonda/Product-catalog/server/src/repositories/ProductRepository.go:56.2,56.12 1 1
github.com/JayPonda/Product-catalog/server/src/repositories/ProductRepository.go:56.12,58.3 1 1
github.com/JayPonda/Product-catalog/server/src/repositories/ProductRepository.go:60.2,60.21 1 1
github.com/JayPonda/Product-catalog/server/src/repositories/ProductRepository.go:63.126,87.16 4 1
github.com/JayPonda/Product-catalog/server/src/repositories/ProductRepository.go:87.16,89.3 1 1
github.com/JayPonda/Product-catalog/server/src/repositories/ProductRepository.go:91.2,91.12 1 1
github.com/JayPonda/Product-catalog/server/src/repositories/ProductRepository.go:91.12,93.3 1 1
github.com/JayPonda/Product-catalog/server/src/repositories/ProductRepository.go:95.2,95.21 1 1
github.com/JayPonda/Product-catalog/server/src/repositories/ProductRepository.go:98.140,124.16 4 1
github.com/JayPonda/Product-catalog/server/src/repositories/ProductRepository.go:124.16,126.3 1 0
github.com/JayPonda/Product-catalog/server/src/repositories/ProductRepository.go:128.2,138.16 3 1
github.com/JayPonda/Product-catalog/server/src/repositories/ProductRepository.go:138.16,140.3 1 0
github.com/JayPonda/Product-catalog/server/src/repositories/ProductRepository.go:142.2,142.29 1 1
github.com/JayPonda/Product-catalog/server/src/repositories/ProductRepository.go:145.134,147.16 2 1
github.com/JayPonda/Product-catalog/server/src/repositories/ProductRepository.go:147.16,149.3 1 0
github.com/JayPonda/Product-catalog/server/src/repositories/ProductRepository.go:151.2,154.26 3 1
github.com/JayPonda/Product-catalog/server/src/repositories/ProductRepository.go:154.26,156.3 1 1
github.com/JayPonda/Product-catalog/server/src/repositories/ProductRepository.go:158.2,169.16 2 1
github.com/JayPonda/Product-catalog/server/src/repositories/ProductRepository.go:169.16,171.3 1 1
github.com/JayPonda/Product-catalog/server/src/repositories/ProductRepository.go:173.2,174.21 2 1
github.com/JayPonda/Product-catalog/server/src/repositories/ProductRepository.go:177.157,194.16 3 1
github.com/JayPonda/Product-catalog/server/src/repositories/ProductRepository.go:194.16,196.3 1 1
github.com/JayPonda/Product-catalog/server/src/repositories/ProductRepository.go:198.2,199.21 2 1
github.com/JayPonda/Product-catalog/server/src/repositories/ProductRepository.go:202.106,215.2 3 1
github.com/JayPonda/Product-catalog/server/src/repositories/ProductRepository.go:218.160,245.16 4 1
github.com/JayPonda/Product-catalog/server/src/repositories/ProductRepository.go:245.16,247.3 1 0
github.com/JayPonda/Product-catalog/server/src/repositories/ProductRepository.go:249.2,260.16 3 1
github.com/JayPonda/Product-catalog/server/src/repositories/ProductRepository.go:260.16,262.3 1 0
github.com/JayPonda/Product-catalog/server/src/repositories/ProductRepository.go:264.2,264.29 1 1
github.com/JayPonda/Product-catalog/server/src/repositories/UserRepository.go:21.101,26.2 1 1
github.com/JayPonda/Product-catalog/server/src/repositories/UserRepository.go:28.116,51.16 4 1
github.com/JayPonda/Product-catalog/server/src/repositories/UserRepository.go:51.16,53.3 1 1
github.com/JayPonda/Product-catalog/server/src/repositories/UserRepository.go:55.2,55.12 1 1
github.com/JayPonda/Product-catalog/server/src/repositories/UserRepository.go:55.12,57.3 1 1
github.com/JayPonda/Product-catalog/server/src/repositories/UserRepository.go:59.2,59.18 1 1
github.com/JayPonda/Product-catalog/server/src/repositories/UserRepository.go:62.113,85.16 4 1
github.com/JayPonda/Product-catalog/server/src/repositories/UserRepository.go:85.16,87.3 1 0
github.com/JayPonda/Product-catalog/server/src/repositories/UserRepository.go:89.2,89.12 1 1
github.com/JayPonda/Product-catalog/server/src/repositories/UserRepository.go:89.12,91.3 1 0
github.com/JayPonda/Product-catalog/server/src/repositories/UserRepository.go:93.2,93.18 1 1
github.com/JayPonda/Product-catalog/server/src/repositories/UserRepository.go:96.116,98.16 2 1
github.com/JayPonda/Product-catalog/server/src/repositories/UserRepository.go:98.16,100.3 1 0
github.com/JayPonda/Product-catalog/server/src/repositories/UserRepository.go:102.2,114.16 3 1
github.com/JayPonda/Product-catalog/server/src/repositories/UserRepository.go:114.16,116.3 1 1
github.com/JayPonda/Product-catalog/server/src/repositories/UserRepository.go:118.2,118.51 1 1
github.com/JayPonda/Product-catalog/server/src/repositories/UserRepository.go:121.101,134.2 3 0
github.com/JayPonda/Product-catalog/server/src/repositories/UserRepository.go:136.118,138.16 2 1
github.com/JayPonda/Product-catalog/server/src/repositories/UserRepository.go:138.16,140.3 1 0
github.com/JayPonda/Product-catalog/server/src/repositories/UserRepository.go:142.2,153.12 3 1
github.com/JayPonda/Product-catalog/server/src/repositories/UserRepository.go:156.135,176.16 4 1
github.com/JayPonda/Product-catalog/server/src/repositories/UserRepository.go:176.16,178.3 1 0
github.com/JayPonda/Product-catalog/server/src/repositories/UserRepository.go:180.2,180.12 1 1
github.com/JayPonda/Product-catalog/server/src/repositories/UserRepository.go:180.12,182.3 1 1
github.com/JayPonda/Product-catalog/server/src/repositories/UserRepository.go:184.2,184.19 1 1
github.com/JayPonda/Product-catalog/server/src/repositories/UserRepository.go:187.116,195.2 3 1
github.com/JayPonda/Product-catalog/server/src/routes/v1.go:9.210,39.2 21 0
github.com/JayPonda/Product-catalog/server/src/services/AuthService.go:33.25,42.2 1 1
github.com/JayPonda/Product-catalog/server/src/services/AuthService.go:45.94,48.80 2 1
github.com/JayPonda/Product-catalog/server/src/services/AuthService.go:48.80,50.3 1 1
github.com/JayPonda/Product-catalog/server/src/services/AuthService.go:50.8,50.43 1 1
github.com/JayPonda/Product-catalog/server/src/services/AuthService.go:50.43,52.3 1 1
github.com/JayPonda/Product-catalog/server/src/services/AuthService.go:54.2,55.16 2 1
github.com/JayPonda/Product-catalog/server/src/services/AuthService.go:55.16,57.3 1 0
github.com/JayPonda/Product-catalog/server/src/services/AuthService.go:59.2,60.16 2 1
github.com/JayPonda/Product-catalog/server/src/services/AuthService.go:60.16,62.3 1 0
github.com/JayPonda/Product-catalog/server/src/services/AuthService.go:63.2,71.16 3 1
github.com/JayPonda/Product-catalog/server/src/services/AuthService.go:71.16,72.28 1 1
github.com/JayPonda/Product-catalog/server/src/services/AuthService.go:72.28,74.4 1 1
github.com/JayPonda/Product-catalog/server/src/services/AuthService.go:75.3,75.23 1 1
github.com/JayPonda/Product-catalog/server/src/services/AuthService.go:78.2,78.36 1 1
github.com/JayPonda/Product-catalog/server/src/services/AuthService.go:78.36,80.3 1 0
github.com/JayPonda/Product-catalog/server/src/services/AuthService.go:82.2,83.22 2 1
github.com/JayPonda/Product-catalog/server/src/services/AuthService.go:94.84,98.16 3 1
github.com/JayPonda/Product-catalog/server/src/services/AuthService.go:98.16,99.36 1 1
github.com/JayPonda/Product-catalog/server/src/services/AuthService.go:99.36,101.4 1 1
github.com/JayPonda/Product-catalog/server/src/services/AuthService.go:102.3,102.21 1 1
github.com/JayPonda/Product-catalog/server/src/services/AuthService.go:105.2,105.99 1 1
github.com/JayPonda/Product-catalog/server/src/services/AuthService.go:105.99,107.3 1 1
github.com/JayPonda/Product-catalog/server/src/services/AuthService.go:109.2,110.16 2 1
github.com/JayPonda/Product-catalog/server/src/services/AuthService.go:110.16,112.3 1 0
github.com/JayPonda/Product-catalog/server/src/services/AuthService.go:114.2,115.16 2 1
github.com/JayPonda/Product-catalog/server/src/services/AuthService.go:115.16,117.3 1 0
github.com/JayPonda/Product-catalog/server/src/services/AuthService.go:119.2,120.16 2 1
github.com/JayPonda/Product-catalog/server/src/services/AuthService.go:120.16,122.3 1 0
github.com/JayPonda/Product-catalog/server/src/services/AuthService.go:123.2,129.21 2 1
github.com/JayPonda/Product-catalog/server/src/services/AuthService.go:129.21,131.3 1 0
github.com/JayPonda/Product-catalog/server/src/services/AuthService.go:133.2,133.36 1 1
github.com/JayPonda/Product-catalog/server/src/services/AuthService.go:133.36,135.3 1 0
github.com/JayPonda/Product-catalog/server/src/services/AuthService.go:137.2,140.20 4 1
github.com/JayPonda/Product-catalog/server/src/services/AuthService.go:144.67,146.16 2 1
github.com/JayPonda/Product-catalog/server/src/services/AuthService.go:146.16,148.3 1 1
github.com/JayPonda/Product-catalog/server/src/services/AuthService.go:149.2,151.89 2 1
github.com/JayPonda/Product-catalog/server/src/services/AuthService.go:151.89,153.3 1 1
github.com/JayPonda/Product-catalog/server/src/services/AuthService.go:155.2,155.20 1 1
github.com/JayPonda/Product-catalog/server/src/services/CategoryService.go:19.29,24.2 1 1
github.com/JayPonda/Product-catalog/server/src/services/CategoryService.go:26.99,28.2 1 1
github.com/JayPonda/Product-catalog/server/src/services/CategoryService.go:30.106,32.2 1 1
github.com/JayPonda/Product-catalog/server/src/services/CategoryService.go:34.117,38.16 3 1
github.com/JayPonda/Product-catalog/server/src/services/CategoryService.go:38.16,40.3 1 1
github.com/JayPonda/Product-catalog/server/src/services/CategoryService.go:42.2,47.22 5 1
github.com/JayPonda/Product-catalog/server/src/services/CategoryService.go:50.113,55.2 2 1
github.com/JayPonda/Product-catalog/server/src/services/CategoryService.go:59.28,62.16 2 1
github.com/JayPonda/Product-catalog/server/src/services/CategoryService.go:62.16,64.3 1 1
github.com/JayPonda/Product-catalog/server/src/services/CategoryService.go:66.2,67.16 2 1
github.com/JayPonda/Product-catalog/server/src/services/CategoryService.go:67.16,69.3 1 1
github.com/JayPonda/Product-catalog/server/src/services/CategoryService.go:70.2,70.23 1 1
github.com/JayPonda/Product-catalog/server/src/services/CategoryService.go:70.23,72.3 1 1
github.com/JayPonda/Product-catalog/server/src/services/CategoryService.go:74.2,75.16 2 1
github.com/JayPonda/Product-catalog/server/src/services/CategoryService.go:75.16,76.35 1 1
github.com/JayPonda/Product-catalog/server/src/services/CategoryService.go:76.35,78.4 1 1
github.com/JayPonda/Product-catalog/server/src/services/CategoryService.go:79.3,79.32 1 1
github.com/JayPonda/Product-catalog/server/src/services/CategoryService.go:82.2,82.21 1 1
github.com/JayPonda/Product-catalog/server/src/services/CategoryService.go:85.79,87.2 1 1
github.com/JayPonda/Product-catalog/server/src/services/OrderService.go:20.141,26.2 1 1
github.com/JayPonda/Product-catalog/server/src/services/OrderService.go:29.103,33.16 3 1
github.com/JayPonda/Product-catalog/server/src/services/OrderService.go:33.16,35.3 1 1
github.com/JayPonda/Product-catalog/server/src/services/OrderService.go:37.2,42.22 5 1
github.com/JayPonda/Product-catalog/server/src/services/OrderService.go:46.142,50.16 3 1
github.com/JayPonda/Product-catalog/server/src/services/OrderService.go:50.16,52.3 1 1
github.com/JayPonda/Product-catalog/server/src/services/OrderService.go:54.2,59.22 5 1
github.com/JayPonda/Product-catalog/server/src/services/OrderService.go:63.70,65.16 2 1
github.com/JayPonda/Product-catalog/server/src/services/OrderService.go:65.16,67.3 1 0
github.com/JayPonda/Product-catalog/server/src/services/OrderService.go:69.2,71.73 2 1
github.com/JayPonda/Product-catalog/server/src/services/OrderService.go:71.73,72.27 1 1
github.com/JayPonda/Product-catalog/server/src/services/OrderService.go:72.27,74.4 1 1
github.com/JayPonda/Product-catalog/server/src/services/OrderService.go:75.3,75.13 1 1
github.com/JayPonda/Product-catalog/server/src/services/OrderService.go:78.2,78.20 1 1
github.com/JayPonda/Product-catalog/server/src/services/OrderService.go:83.83,84.19 1 1
github.com/JayPonda/Product-catalog/server/src/services/OrderService.go:84.19,86.3 1 1
github.com/JayPonda/Product-catalog/server/src/services/OrderService.go:87.2,87.55 1 1
github.com/JayPonda/Product-catalog/server/src/services/OrderService.go:93.85,95.16 2 1
github.com/JayPonda/Product-catalog/server/src/services/OrderService.go:95.16,97.3 1 1
github.com/JayPonda/Product-catalog/server/src/services/OrderService.go:99.2,101.31 2 0
github.com/JayPonda/Product-catalog/server/src/services/OrderService.go:101.31,103.3 1 0
github.com/JayPonda/Product-catalog/server/src/services/OrderService.go:105.2,105.20 1 0
github.com/JayPonda/Product-catalog/server/src/services/OrderService.go:111.165,115.16 3 0
github.com/JayPonda/Product-catalog/server/src/services/OrderService.go:115.16,117.3 1 0
github.com/JayPonda/Product-catalog/server/src/services/OrderService.go:119.2,124.22 5 0
github.com/JayPonda/Product-catalog/server/src/services/OrderService.go:130.106,131.19 1 1
github.com/JayPonda/Product-catalog/server/src/services/OrderService.go:131.19,133.3 1 0
github.com/JayPonda/Product-catalog/server/src/services/OrderService.go:134.2,134.59 1 1
github.com/JayPonda/Product-catalog/server/src/services/ProductService.go:25.262,34.2 1 1
github.com/JayPonda/Product-catalog/server/src/services/ProductService.go:36.103,39.16 2 1
github.com/JayPonda/Product-catalog/server/src/services/ProductService.go:39.16,41.3 1 0
github.com/JayPonda/Product-catalog/server/src/services/ProductService.go:43.2,44.52 2 1
github.com/JayPonda/Product-catalog/server/src/services/ProductService.go:44.52,46.3 1 1
github.com/JayPonda/Product-catalog/server/src/services/ProductService.go:48.2,49.16 2 1
github.com/JayPonda/Product-catalog/server/src/services/ProductService.go:49.16,51.3 1 0
github.com/JayPonda/Product-catalog/server/src/services/ProductService.go:53.2,53.24 1 1
github.com/JayPonda/Product-catalog/server/src/services/ProductService.go:56.99,60.16 3 1
github.com/JayPonda/Product-catalog/server/src/services/ProductService.go:60.16,62.3 1 1
github.com/JayPonda/Product-catalog/server/src/services/ProductService.go:64.2,68.29 4 1
github.com/JayPonda/Product-catalog/server/src/services/ProductService.go:71.100,76.16 3 1
github.com/JayPonda/Product-catalog/server/src/services/ProductService.go:76.16,78.3 1 1
github.com/JayPonda/Product-catalog/server/src/services/ProductService.go:80.2,84.29 4 0
github.com/JayPonda/Product-catalog/server/src/services/ProductService.go:88.111,92.16 3 1
github.com/JayPonda/Product-catalog/server/src/services/ProductService.go:92.16,94.3 1 0
github.com/JayPonda/Product-catalog/server/src/services/ProductService.go:96.2,97.35 2 1
github.com/JayPonda/Product-catalog/server/src/services/ProductService.go:97.35,99.3 1 1
github.com/JayPonda/Product-catalog/server/src/services/ProductService.go:101.2,103.25 2 1
github.com/JayPonda/Product-catalog/server/src/services/ProductService.go:103.25,105.17 2 1
github.com/JayPonda/Product-catalog/server/src/services/ProductService.go:105.17,107.4 1 1
github.com/JayPonda/Product-catalog/server/src/services/ProductService.go:109.3,110.30 2 1
github.com/JayPonda/Product-catalog/server/src/services/ProductService.go:110.30,112.4 1 1
github.com/JayPonda/Product-catalog/server/src/services/ProductService.go:114.3,115.41 2 1
github.com/JayPonda/Product-catalog/server/src/services/ProductService.go:115.41,117.4 1 1
github.com/JayPonda/Product-catalog/server/src/services/ProductService.go:119.3,120.17 2 1
github.com/JayPonda/Product-catalog/server/src/services/ProductService.go:120.17,122.4 1 1
github.com/JayPonda/Product-catalog/server/src/services/ProductService.go:124.3,125.39 2 1
github.com/JayPonda/Product-catalog/server/src/services/ProductService.go:125.39,127.4 1 1
github.com/JayPonda/Product-catalog/server/src/services/ProductService.go:129.3,129.30 1 1
github.com/JayPonda/Product-catalog/server/src/services/ProductService.go:129.30,130.59 1 1
github.com/JayPonda/Product-catalog/server/src/services/ProductService.go:130.59,132.5 1 1
github.com/JayPonda/Product-catalog/server/src/services/ProductService.go:136.2,137.35 2 1
github.com/JayPonda/Product-catalog/server/src/services/ProductService.go:137.35,142.3 1 1
github.com/JayPonda/Product-catalog/server/src/services/ProductService.go:144.2,149.22 5 1
github.com/JayPonda/Product-catalog/server/src/services/ProductService.go:152.129,154.16 2 1
github.com/JayPonda/Product-catalog/server/src/services/ProductService.go:154.16,156.3 1 1
github.com/JayPonda/Product-catalog/server/src/services/ProductService.go:157.2,157.36 1 1
github.com/JayPonda/Product-catalog/server/src/services/ProductService.go:157.36,159.3 1 1
github.com/JayPonda/Product-catalog/server/src/services/ProductService.go:161.2,162.16 2 1
github.com/JayPonda/Product-catalog/server/src/services/ProductService.go:162.16,164.3 1 0
github.com/JayPonda/Product-catalog/server/src/services/ProductService.go:166.2,175.16 3 1
github.com/JayPonda/Product-catalog/server/src/services/ProductService.go:175.16,176.34 1 1
github.com/JayPonda/Product-catalog/server/src/services/ProductService.go:176.34,178.4 1 1
github.com/JayPonda/Product-catalog/server/src/services/ProductService.go:179.3,179.35 1 1
github.com/JayPonda/Product-catalog/server/src/services/ProductService.go:182.2,182.36 1 1
github.com/JayPonda/Product-catalog/server/src/services/ProductService.go:182.36,184.3 1 0
github.com/JayPonda/Product-catalog/server/src/services/ProductService.go:186.2,186.55 1 1
github.com/JayPonda/Product-catalog/server/src/services/ProductService.go:190.131,194.16 3 1
github.com/JayPonda/Product-catalog/server/src/services/ProductService.go:194.16,196.3 1 0
github.com/JayPonda/Product-catalog/server/src/services/ProductService.go:198.2,199.35 2 1
github.com/JayPonda/Product-catalog/server/src/services/ProductService.go:199.35,201.3 1 1
github.com/JayPonda/Product-catalog/server/src/services/ProductService.go:203.2,205.25 2 1
github.com/JayPonda/Product-catalog/server/src/services/ProductService.go:205.25,207.17 2 1
github.com/JayPonda/Product-catalog/server/src/services/ProductService.go:207.17,209.4 1 0
github.com/JayPonda/Product-catalog/server/src/services/ProductService.go:211.3,212.30 2 1
github.com/JayPonda/Product-catalog/server/src/services/ProductService.go:212.30,214.4 1 0
github.com/JayPonda/Product-catalog/server/src/services/ProductService.go:216.3,217.41 2 1
github.com/JayPonda/Product-catalog/server/src/services/ProductService.go:217.41,219.4 1 0
github.com/JayPonda/Product-catalog/server/src/services/ProductService.go:221.3,222.17 2 1
github.com/JayPonda/Product-catalog/server/src/services/ProductService.go:222.17,224.4 1 0
github.com/JayPonda/Product-catalog/server/src/services/ProductService.go:226.3,227.39 2 1
github.com/JayPonda/Product-catalog/server/src/services/ProductService.go:227.39,229.4 1 0
github.com/JayPonda/Product-catalog/server/src/services/ProductService.go:231.3,231.30 1 1
github.com/JayPonda/Product-catalog/server/src/services/ProductService.go:231.30,232.59 1 0
github.com/JayPonda/Product-catalog/server/src/services/ProductService.go:232.59,234.5 1 0
github.com/JayPonda/Product-catalog/server/src/services/ProductService.go:238.2,239.35 2 1
github.com/JayPonda/Product-catalog/server/src/services/ProductService.go:239.35,244.3 1 1
github.com/JayPonda/Product-catalog/server/src/services/ProductService.go:246.2,251.22 5 1
github.com/JayPonda/Product-catalog/server/src/services/ProductService.go:254.125,256.37 2 1
github.com/JayPonda/Product-catalog/server/src/services/ProductService.go:256.37,258.3 1 1
github.com/JayPonda/Product-catalog/server/src/services/ProductService.go:259.2,259.50 1 1
github.com/JayPonda/Product-catalog/server/src/services/ProductService.go:259.50,261.3 1 1
github.com/JayPonda/Product-catalog/server/src/services/ProductService.go:263.2,264.16 2 1
github.com/JayPonda/Product-catalog/server/src/services/ProductService.go:264.16,266.3 1 0
github.com/JayPonda/Product-catalog/server/src/services/ProductService.go:268.2,276.16 3 1
github.com/JayPonda/Product-catalog/server/src/services/ProductService.go:276.16,277.34 1 1
github.com/JayPonda/Product-catalog/server/src/services/ProductService.go:277.34,279.4 1 0
github.com/JayPonda/Product-catalog/server/src/services/ProductService.go:280.3,280.35 1 1
github.com/JayPonda/Product-catalog/server/src/services/ProductService.go:283.2,283.36 1 1
github.com/JayPonda/Product-catalog/server/src/services/ProductService.go:283.36,285.3 1 0
github.com/JayPonda/Product-catalog/server/src/services/ProductService.go:287.2,287.45 1 1
github.com/JayPonda/Product-catalog/server/src/services/ProductService.go:292.126,295.86 2 1
github.com/JayPonda/Product-catalog/server/src/services/ProductService.go:295.86,296.36 1 1
github.com/JayPonda/Product-catalog/server/src/services/ProductService.go:296.36,298.4 1 1
github.com/JayPonda/Product-catalog/server/src/services/ProductService.go:299.3,299.23 1 1
github.com/JayPonda/Product-catalog/server/src/services/ProductService.go:302.2,302.89 1 1
github.com/JayPonda/Product-catalog/server/src/services/ProductService.go:302.89,303.36 1 1
github.com/JayPonda/Product-catalog/server/src/services/ProductService.go:303.36,305.4 1 1
github.com/JayPonda/Product-catalog/server/src/services/ProductService.go:306.3,306.23 1 1
github.com/JayPonda/Product-catalog/server/src/services/ProductService.go:309.2,310.16 2 1
github.com/JayPonda/Product-catalog/server/src/services/ProductService.go:310.16,312.3 1 0
github.com/JayPonda/Product-catalog/server/src/services/ProductService.go:314.2,316.105 2 1
github.com/JayPonda/Product-catalog/server/src/services/ProductService.go:316.105,318.3 1 1
github.com/JayPonda/Product-catalog/server/src/services/ProductService.go:320.2,320.36 1 1
github.com/JayPonda/Product-catalog/server/src/services/ProductService.go:320.36,322.3 1 0
github.com/JayPonda/Product-catalog/server/src/services/ProductService.go:324.2,324.52 1 1
github.com/JayPonda/Product-catalog/server/src/services/ProductService.go:328.128,331.86 2 1
github.com/JayPonda/Product-catalog/server/src/services/ProductService.go:331.86,332.36 1 1
github.com/JayPonda/Product-catalog/server/src/services/ProductService.go:332.36,334.4 1 1
github.com/JayPonda/Product-catalog/server/src/services/ProductService.go:335.3,335.23 1 1
github.com/JayPonda/Product-catalog/server/src/services/ProductService.go:338.2,338.89 1 1
github.com/JayPonda/Product-catalog/server/src/services/ProductService.go:338.89,339.36 1 1
github.com/JayPonda/Product-catalog/server/src/services/ProductService.go:339.36,341.4 1 1
github.com/JayPonda/Product-catalog/server/src/services/ProductService.go:342.3,342.23 1 1
github.com/JayPonda/Product-catalog/server/src/services/ProductService.go:345.2,346.16 2 1
github.com/JayPonda/Product-catalog/server/src/services/ProductService.go:346.16,348.3 1 0
[...]
github.com/JayPonda/Product-catalog/server/src/services/CategoryService.go:38.16,40.3 1 0
github.com/JayPonda/Product-catalog/server/src/services/CategoryService.go:42.2,47.22 5 0
github.com/JayPonda/Product-catalog/server/src/services/CategoryService.go:50.113,55.2 2 0
github.com/JayPonda/Product-catalog/server/src/services/CategoryService.go:59.28,62.16 2 0
github.com/JayPonda/Product-catalog/server/src/services/CategoryService.go:62.16,64.3 1 0
github.com/JayPonda/Product-catalog/server/src/services/CategoryService.go:66.2,67.16 2 0
github.com/JayPonda/Product-catalog/server/src/services/CategoryService.go:67.16,69.3 1 0
github.com/JayPonda/Product-catalog/server/src/services/CategoryService.go:70.2,70.23 1 0
github.com/JayPonda/Product-catalog/server/src/services/CategoryService.go:70.23,72.3 1 0
github.com/JayPonda/Product-catalog/server/src/services/CategoryService.go:74.2,75.16 2 0
github.com/JayPonda/Product-catalog/server/src/services/CategoryService.go:75.16,76.35 1 0
github.com/JayPonda/Product-catalog/server/src/services/CategoryService.go:76.35,78.4 1 0
github.com/JayPonda/Product-catalog/server/src/services/CategoryService.go:79.3,79.32 1 0
github.com/JayPonda/Product-catalog/server/src/services/CategoryService.go:82.2,82.21 1 0
github.com/JayPonda/Product-catalog/server/src/services/CategoryService.go:85.79,87.2 1 0
github.com/JayPonda/Product-catalog/server/src/services/OrderService.go:20.141,26.2 1 0
github.com/JayPonda/Product-catalog/server/src/services/OrderService.go:29.103,33.16 3 0
github.com/JayPonda/Product-catalog/server/src/services/OrderService.go:33.16,35.3 1 0
github.com/JayPonda/Product-catalog/server/src/services/OrderService.go:37.2,42.22 5 0
github.com/JayPonda/Product-catalog/server/src/services/OrderService.go:46.142,50.16 3 0
github.com/JayPonda/Product-catalog/server/src/services/OrderService.go:50.16,52.3 1 0
github.com/JayPonda/Product-catalog/server/src/services/OrderService.go:54.2,59.22 5 0
github.com/JayPonda/Product-catalog/server/src/services/OrderService.go:63.70,65.16 2 0
github.com/JayPonda/Product-catalog/server/src/services/OrderService.go:65.16,67.3 1 0
github.com/JayPonda/Product-catalog/server/src/services/OrderService.go:69.2,71.73 2 0
github.com/JayPonda/Product-catalog/server/src/services/OrderService.go:71.73,72.27 1 0
github.com/JayPonda/Product-catalog/server/src/services/OrderService.go:72.27,74.4 1 0
github.com/JayPonda/Product-catalog/server/src/services/OrderService.go:75.3,75.13 1 0
github.com/JayPonda/Product-catalog/server/src/services/OrderService.go:78.2,78.20 1 0
github.com/JayPonda/Product-catalog/server/src/services/OrderService.go:83.83,84.19 1 0
github.com/JayPonda/Product-catalog/server/src/services/OrderService.go:84.19,86.3 1 0
github.com/JayPonda/Product-catalog/server/src/services/OrderService.go:87.2,87.55 1 0
github.com/JayPonda/Product-catalog/server/src/services/OrderService.go:93.85,95.16 2 0
github.com/JayPonda/Product-catalog/server/src/services/OrderService.go:95.16,97.3 1 0
github.com/JayPonda/Product-catalog/server/src/services/OrderService.go:99.2,101.31 2 0
github.com/JayPonda/Product-catalog/server/src/services/OrderService.go:101.31,103.3 1 0
github.com/JayPonda/Product-catalog/server/src/services/OrderService.go:105.2,105.20 1 0
github.com/JayPonda/Product-catalog/server/src/services/OrderService.go:111.165,115.16 3 0
github.com/JayPonda/Product-catalog/server/src/services/OrderService.go:115.16,117.3 1 0
github.com/JayPonda/Product-catalog/server/src/services/OrderService.go:119.2,124.22 5 0
github.com/JayPonda/Product-catalog/server/src/services/OrderService.go:130.106,131.19 1 0
github.com/JayPonda/Product-catalog/server/src/services/OrderService.go:131.19,133.3 1 0
github.com/JayPonda/Product-catalog/server/src/services/OrderService.go:134.2,134.59 1 0
github.com/JayPonda/Product-catalog/server/src/services/ProductService.go:25.262,34.2 1 0
github.com/JayPonda/Product-catalog/server/src/services/ProductService.go:36.103,39.16 2 0
github.com/JayPonda/Product-catalog/server/src/services/ProductService.go:39.16,41.3 1 0
github.com/JayPonda/Product-catalog/server/src/services/ProductService.go:43.2,44.52 2 0
github.com/JayPonda/Product-catalog/server/src/services/ProductService.go:44.52,46.3 1 0
github.com/JayPonda/Product-catalog/server/src/services/ProductService.go:48.2,49.16 2 0
github.com/JayPonda/Product-catalog/server/src/services/ProductService.go:49.16,51.3 1 0
github.com/JayPonda/Product-catalog/server/src/services/ProductService.go:53.2,53.24 1 0
github.com/JayPonda/Product-catalog/server/src/services/ProductService.go:56.99,60.16 3 0
github.com/JayPonda/Product-catalog/server/src/services/ProductService.go:60.16,62.3 1 0
github.com/JayPonda/Product-catalog/server/src/services/ProductService.go:64.2,68.29 4 0
github.com/JayPonda/Product-catalog/server/src/services/ProductService.go:71.100,76.16 3 0
github.com/JayPonda/Product-catalog/server/src/services/ProductService.go:76.16,78.3 1 0
github.com/JayPonda/Product-catalog/server/src/services/ProductService.go:80.2,84.29 4 0
github.com/JayPonda/Product-catalog/server/src/services/ProductService.go:88.111,92.16 3 0
github.com/JayPonda/Product-catalog/server/src/services/ProductService.go:92.16,94.3 1 0
github.com/JayPonda/Product-catalog/server/src/services/ProductService.go:96.2,97.35 2 0
github.com/JayPonda/Product-catalog/server/src/services/ProductService.go:97.35,99.3 1 0
github.com/JayPonda/Product-catalog/server/src/services/ProductService.go:101.2,103.25 2 0
github.com/JayPonda/Product-catalog/server/src/services/ProductService.go:103.25,105.17 2 0
github.com/JayPonda/Product-catalog/server/src/services/ProductService.go:105.17,107.4 1 0
github.com/JayPonda/Product-catalog/server/src/services/ProductService.go:109.3,110.30 2 0
github.com/JayPonda/Product-catalog/server/src/services/ProductService.go:110.30,112.4 1 0
github.com/JayPonda/Product-catalog/server/src/services/ProductService.go:114.3,115.41 2 0
github.com/JayPonda/Product-catalog/server/src/services/ProductService.go:115.41,117.4 1 0
github.com/JayPonda/Product-catalog/server/src/services/ProductService.go:119.3,120.17 2 0
github.com/JayPonda/Product-catalog/server/src/services/ProductService.go:120.17,122.4 1 0
github.com/JayPonda/Product-catalog/server/src/services/ProductService.go:124.3,125.39 2 0
github.com/JayPonda/Product-catalog/server/src/services/ProductService.go:125.39,127.4 1 0
github.com/JayPonda/Product-catalog/server/src/services/ProductService.go:129.3,129.30 1 0
github.com/JayPonda/Product-catalog/server/src/services/ProductService.go:129.30,130.59 1 0
github.com/JayPonda/Product-catalog/server/src/services/ProductService.go:130.59,132.5 1 0
github.com/JayPonda/Product-catalog/server/src/services/ProductService.go:136.2,137.35 2 0
github.com/JayPonda/Product-catalog/server/src/services/ProductService.go:137.35,142.3 1 0
github.com/JayPonda/Product-catalog/server/src/services/ProductService.go:144.2,149.22 5 0
github.com/JayPonda/Product-catalog/server/src/services/ProductService.go:152.129,154.16 2 0
github.com/JayPonda/Product-catalog/server/src/services/ProductService.go:154.16,156.3 1 0
github.com/JayPonda/Product-catalog/server/src/services/ProductService.go:157.2,157.36 1 0
github.com/JayPonda/Product-catalog/server/src/services/ProductService.go:157.36,159.3 1 0
github.com/JayPonda/Product-catalog/server/src/services/ProductService.go:161.2,162.16 2 0
github.com/JayPonda/Product-catalog/server/src/services/ProductService.go:162.16,164.3 1 0
github.com/JayPonda/Product-catalog/server/src/services/ProductService.go:166.2,175.16 3 0
github.com/JayPonda/Product-catalog/server/src/services/ProductService.go:175.16,176.34 1 0
github.com/JayPonda/Product-catalog/server/src/services/ProductService.go:176.34,178.4 1 0
github.com/JayPonda/Product-catalog/server/src/services/ProductService.go:179.3,179.35 1 0
github.com/JayPonda/Product-catalog/server/src/services/ProductService.go:182.2,182.36 1 0
github.com/JayPonda/Product-catalog/server/src/services/ProductService.go:182.36,184.3 1 0
github.com/JayPonda/Product-catalog/server/src/services/ProductService.go:186.2,186.55 1 0
github.com/JayPonda/Product-catalog/server/src/services/ProductService.go:190.131,194.16 3 0
github.com/JayPonda/Product-catalog/server/src/services/ProductService.go:194.16,196.3 1 0
github.com/JayPonda/Product-catalog/server/src/services/ProductService.go:198.2,199.35 2 0
github.com/JayPonda/Product-catalog/server/src/services/ProductService.go:199.35,201.3 1 0
github.com/JayPonda/Product-catalog/server/src/services/ProductService.go:203.2,205.25 2 0
github.com/JayPonda/Product-catalog/server/src/services/ProductService.go:205.25,207.17 2 0
github.com/JayPonda/Product-catalog/server/src/services/ProductService.go:207.17,209.4 1 0
github.com/JayPonda/Product-catalog/server/src/services/ProductService.go:211.3,212.30 2 0
github.com/JayPonda/Product-catalog/server/src/services/ProductService.go:212.30,214.4 1 0
github.com/JayPonda/Product-catalog/server/src/services/ProductService.go:216.3,217.41 2 0
github.com/JayPonda/Product-catalog/server/src/services/ProductService.go:217.41,219.4 1 0
github.com/JayPonda/Product-catalog/server/src/services/ProductService.go:221.3,222.17 2 0
github.com/JayPonda/Product-catalog/server/src/services/ProductService.go:222.17,224.4 1 0
github.com/JayPonda/Product-catalog/server/src/services/ProductService.go:226.3,227.39 2 0
github.com/JayPonda/Product-catalog/server/src/services/ProductService.go:227.39,229.4 1 0
github.com/JayPonda/Product-catalog/server/src/services/ProductService.go:231.3,231.30 1 0
github.com/JayPonda/Product-catalog/server/src/services/ProductService.go:231.30,232.59 1 0
github.com/JayPonda/Product-catalog/server/src/services/ProductService.go:232.59,234.5 1 0
github.com/JayPonda/Product-catalog/server/src/services/ProductService.go:238.2,239.35 2 0
github.com/JayPonda/Product-catalog/server/src/services/ProductService.go:239.35,244.3 1 0
github.com/JayPonda/Product-catalog/server/src/services/ProductService.go:246.2,251.22 5 0
github.com/JayPonda/Product-catalog/server/src/services/ProductService.go:254.125,256.37 2 0
github.com/JayPonda/Product-catalog/server/src/services/ProductService.go:256.37,258.3 1 0
github.com/JayPonda/Product-catalog/server/src/services/ProductService.go:259.2,259.50 1 0
github.com/JayPonda/Product-catalog/server/src/services/ProductService.go:259.50,261.3 1 0
github.com/JayPonda/Product-catalog/server/src/services/ProductService.go:263.2,264.16 2 0
github.com/JayPonda/Product-catalog/server/src/services/ProductService.go:264.16,266.3 1 0
github.com/JayPonda/Product-catalog/server/src/services/ProductService.go:268.2,276.16 3 0
github.com/JayPonda/Product-catalog/server/src/services/ProductService.go:276.16,277.34 1 0
github.com/JayPonda/Product-catalog/server/src/services/ProductService.go:277.34,279.4 1 0
github.com/JayPonda/Product-catalog/server/src/services/ProductService.go:280.3,280.35 1 0
github.com/JayPonda/Product-catalog/server/src/services/ProductService.go:283.2,283.36 1 0
github.com/JayPonda/Product-catalog/server/src/services/ProductService.go:283.36,285.3 1 0
github.com/JayPonda/Product-catalog/server/src/services/ProductService.go:287.2,287.45 1 0
github.com/JayPonda/Product-catalog/server/src/services/ProductService.go:292.126,295.86 2 0
github.com/JayPonda/Product-catalog/server/src/services/ProductService.go:295.86,296.36 1 0
github.com/JayPonda/Product-catalog/server/src/services/ProductService.go:296.36,298.4 1 0
github.com/JayPonda/Product-catalog/server/src/services/ProductService.go:299.3,299.23 1 0
github.com/JayPonda/Product-catalog/server/src/services/ProductService.go:302.2,302.89 1 0
github.com/JayPonda/Product-catalog/server/src/services/ProductService.go:302.89,303.36 1 0
github.com/JayPonda/Product-catalog/server/src/services/ProductService.go:303.36,305.4 1 0
github.com/JayPonda/Product-catalog/server/src/services/ProductService.go:306.3,306.23 1 0
github.com/JayPonda/Product-catalog/server/src/services/ProductService.go:309.2,310.16 2 0
github.com/JayPonda/Product-catalog/server/src/services/ProductService.go:310.16,312.3 1 0
github.com/JayPonda/Product-catalog/server/src/services/ProductService.go:314.2,316.105 2 0
github.com/JayPonda/Product-catalog/server/src/services/ProductService.go:316.105,318.3 1 0
github.com/JayPonda/Product-catalog/server/src/services/ProductService.go:320.2,320.36 1 0
github.com/JayPonda/Product-catalog/server/src/services/ProductService.go:320.36,322.3 1 0
github.com/JayPonda/Product-catalog/server/src/services/ProductService.go:324.2,324.52 1 0
github.com/JayPonda/Product-catalog/server/src/services/ProductService.go:328.128,331.86 2 0
github.com/JayPonda/Product-catalog/server/src/services/ProductService.go:331.86,332.36 1 0
github.com/JayPonda/Product-catalog/server/src/services/ProductService.go:332.36,334.4 1 0
github.com/JayPonda/Product-catalog/server/src/services/ProductService.go:335.3,335.23 1 0
github.com/JayPonda/Product-catalog/server/src/services/ProductService.go:338.2,338.89 1 0
github.com/JayPonda/Product-catalog/server/src/services/ProductService.go:338.89,339.36 1 0
github.com/JayPonda/Product-catalog/server/src/services/ProductService.go:339.36,341.4 1 0
github.com/JayPonda/Product-catalog/server/src/services/ProductService.go:342.3,342.23 1 0
github.com/JayPonda/Product-catalog/server/src/services/ProductService.go:345.2,346.16 2 0
github.com/JayPonda/Product-catalog/server/src/services/ProductService.go:346.16,348.3 1 0
github.com/JayPonda/Product-catalog/server/src/services/ProductService.go:350.2,352.107 2 0
github.com/JayPonda/Product-catalog/server/src/services/ProductService.go:352.107,354.3 1 0
github.com/JayPonda/Product-catalog/server/src/services/ProductService.go:356.2,356.36 1 0
github.com/JayPonda/Product-catalog/server/src/services/ProductService.go:356.36,358.3 1 0
github.com/JayPonda/Product-catalog/server/src/services/ProductService.go:360.2,360.52 1 0
github.com/JayPonda/Product-catalog/server/src/services/ProductService.go:363.76,365.16 2 0
github.com/JayPonda/Product-catalog/server/src/services/ProductService.go:365.16,367.3 1 0
github.com/JayPonda/Product-catalog/server/src/services/ProductService.go:369.2,372.16 3 0
github.com/JayPonda/Product-catalog/server/src/services/ProductService.go:372.16,374.3 1 0
github.com/JayPonda/Product-catalog/server/src/services/ProductService.go:376.2,377.16 2 0
github.com/JayPonda/Product-catalog/server/src/services/ProductService.go:377.16,379.3 1 0
github.com/JayPonda/Product-catalog/server/src/services/ProductService.go:381.2,381.20 1 0
github.com/JayPonda/Product-catalog/server/src/services/errors.go:23.45,25.2 1 0
github.com/JayPonda/Product-catalog/server/src/services/errors.go:27.46,29.2 1 0
github.com/JayPonda/Product-catalog/server/src/services/errors.go:31.39,33.2 1 0
github.com/JayPonda/Product-catalog/server/src/services/errors.go:35.58,37.28 2 0
github.com/JayPonda/Product-catalog/server/src/services/errors.go:37.28,39.3 1 0
github.com/JayPonda/Product-catalog/server/src/services/errors.go:40.2,40.14 1 0
github.com/JayPonda/Product-catalog/server/utils/db.go:32.50,33.19 1 0
github.com/JayPonda/Product-catalog/server/utils/db.go:33.19,36.17 2 0
github.com/JayPonda/Product-catalog/server/utils/db.go:36.17,38.4 1 0
github.com/JayPonda/Product-catalog/server/utils/db.go:41.3,47.35 5 0
github.com/JayPonda/Product-catalog/server/utils/db.go:47.35,49.4 1 0
github.com/JayPonda/Product-catalog/server/utils/db.go:52.3,53.34 2 0
github.com/JayPonda/Product-catalog/server/utils/db.go:56.2,56.23 1 0
github.com/JayPonda/Product-catalog/server/utils/db.go:60.42,61.16 1 0
github.com/JayPonda/Product-catalog/server/utils/db.go:61.16,62.62 1 0
github.com/JayPonda/Product-catalog/server/utils/db.go:62.62,64.4 1 0
github.com/JayPonda/Product-catalog/server/utils/db.go:66.2,66.23 1 0
github.com/JayPonda/Product-catalog/server/utils/executor.go:14.68,15.39 1 1
github.com/JayPonda/Product-catalog/server/utils/executor.go:15.39,17.3 1 1
github.com/JayPonda/Product-catalog/server/utils/executor.go:18.2,18.11 1 1
github.com/JayPonda/Product-catalog/server/utils/jwt.go:14.58,16.40 2 1
github.com/JayPonda/Product-catalog/server/utils/jwt.go:16.40,18.3 1 0
github.com/JayPonda/Product-catalog/server/utils/jwt.go:19.2,19.35 1 1
github.com/JayPonda/Product-catalog/server/utils/jwt.go:23.35,26.2 2 1
github.com/JayPonda/Product-catalog/server/utils/jwt.go:39.91,52.2 4 1
github.com/JayPonda/Product-catalog/server/utils/jwt.go:55.80,57.97 2 1
github.com/JayPonda/Product-catalog/server/utils/jwt.go:57.97,58.54 1 1
github.com/JayPonda/Product-catalog/server/utils/jwt.go:58.54,60.4 1 0
github.com/JayPonda/Product-catalog/server/utils/jwt.go:61.3,61.29 1 1
github.com/JayPonda/Product-catalog/server/utils/jwt.go:63.2,63.16 1 1
github.com/JayPonda/Product-catalog/server/utils/jwt.go:63.16,65.3 1 1
github.com/JayPonda/Product-catalog/server/utils/jwt.go:66.2,66.18 1 1
github.com/JayPonda/Product-catalog/server/utils/jwt.go:66.18,68.3 1 0
github.com/JayPonda/Product-catalog/server/utils/jwt.go:69.2,69.20 1 1
github.com/JayPonda/Product-catalog/server/utils/jwt.go:74.66,76.16 2 1
github.com/JayPonda/Product-catalog/server/utils/jwt.go:76.16,78.3 1 0
github.com/JayPonda/Product-catalog/server/utils/jwt.go:79.2,80.23 2 1
github.com/JayPonda/Product-catalog/server/utils/logger.go:37.46,38.23 1 1
github.com/JayPonda/Product-catalog/server/utils/logger.go:38.23,44.3 1 1
github.com/JayPonda/Product-catalog/server/utils/logger.go:46.2,46.24 1 1
github.com/JayPonda/Product-catalog/server/utils/logger.go:51.102,53.2 1 1
github.com/JayPonda/Product-catalog/server/utils/logger.go:55.101,57.2 1 1
github.com/JayPonda/Product-catalog/server/utils/logger.go:59.101,61.2 1 1
github.com/JayPonda/Product-catalog/server/utils/logger.go:63.116,65.2 1 1
github.com/JayPonda/Product-catalog/server/utils/logger.go:68.141,70.16 2 1
github.com/JayPonda/Product-catalog/server/utils/logger.go:70.16,72.3 1 0
github.com/JayPonda/Product-catalog/server/utils/logger.go:72.8,74.3 1 1
github.com/JayPonda/Product-catalog/server/utils/logger.go:76.2,81.19 2 1
github.com/JayPonda/Product-catalog/server/utils/logger.go:81.19,83.26 2 1
github.com/JayPonda/Product-catalog/server/utils/logger.go:83.26,85.4 1 1
github.com/JayPonda/Product-catalog/server/utils/logger.go:86.3,86.55 1 1
github.com/JayPonda/Product-catalog/server/utils/logger.go:89.2,89.17 1 1
github.com/JayPonda/Product-catalog/server/utils/logger.go:89.17,91.3 1 1
github.com/JayPonda/Product-catalog/server/utils/logger.go:93.2,93.46 1 1
github.com/JayPonda/Product-catalog/server/utils/logger.go:99.38,100.16 1 1
github.com/JayPonda/Product-catalog/server/utils/logger.go:100.16,101.62 1 0
github.com/JayPonda/Product-catalog/server/utils/logger.go:101.62,103.4 1 0
github.com/JayPonda/Product-catalog/server/utils/logger.go:105.2,105.30 1 1
github.com/JayPonda/Product-catalog/server/utils/normalize.go:5.40,7.2 1 1
github.com/JayPonda/Product-catalog/server/utils/uuid.go:5.35,7.2 1 1
github.com/JayPonda/Product-catalog/server/utils/validator.go:10.41,15.75 2 1
github.com/JayPonda/Product-catalog/server/utils/validator.go:15.75,16.41 1 1
github.com/JayPonda/Product-catalog/server/utils/validator.go:16.41,17.27 1 1
github.com/JayPonda/Product-catalog/server/utils/validator.go:17.27,19.5 1 1
github.com/JayPonda/Product-catalog/server/utils/validator.go:21.3,21.15 1 1
github.com/JayPonda/Product-catalog/server/utils/validator.go:26.2,26.78 1 1
github.com/JayPonda/Product-catalog/server/utils/validator.go:26.78,27.41 1 1
github.com/JayPonda/Product-catalog/server/utils/validator.go:27.41,28.27 1 1
github.com/JayPonda/Product-catalog/server/utils/validator.go:28.27,30.5 1 1
github.com/JayPonda/Product-catalog/server/utils/validator.go:32.3,32.14 1 1
github.com/JayPonda/Product-catalog/server/utils/validator.go:35.2,35.17 1 1
